Log file open, 06/28/20 13:53:33
LogInit: Display: Running engine for game: MarsMarine
LogPlatformFile: Not using cached read wrapper
LogTaskGraph: Started task graph with 5 named threads and 35 total threads with 3 sets of task threads.
LogStats: Stats thread started at 1.282454
LogD3D11RHI: Loaded GFSDK_Aftermath_Lib.x64.dll
LogICUInternationalization: ICU TimeZone Detection - Raw Offset: +0:00, Platform Override: ''
LogPluginManager: Mounting plugin Paper2D
LogPluginManager: Mounting plugin AISupport
LogPluginManager: Mounting plugin LightPropagationVolume
LogPluginManager: Mounting plugin CameraShakePreviewer
LogPluginManager: Mounting plugin ActorLayerUtilities
LogPluginManager: Mounting plugin AnimationSharing
LogPluginManager: Mounting plugin CLionSourceCodeAccess
LogPluginManager: Mounting plugin CodeLiteSourceCodeAccess
LogPluginManager: Mounting plugin GitSourceControl
LogPluginManager: Mounting plugin KDevelopSourceCodeAccess
LogPluginManager: Mounting plugin NullSourceCodeAccess
LogPluginManager: Mounting plugin PerforceSourceControl
LogPluginManager: Mounting plugin PlasticSourceControl
LogPluginManager: Mounting plugin RiderSourceCodeAccess
LogPluginManager: Mounting plugin SubversionSourceControl
LogPluginManager: Mounting plugin UObjectPlugin
LogPluginManager: Mounting plugin VisualStudioCodeSourceCodeAccess
LogPluginManager: Mounting plugin VisualStudioSourceCodeAccess
LogPluginManager: Mounting plugin XCodeSourceCodeAccess
LogPluginManager: Mounting plugin AssetManagerEditor
LogPluginManager: Mounting plugin CryptoKeys
LogPluginManager: Mounting plugin CurveEditorTools
LogPluginManager: Mounting plugin DataValidation
LogPluginManager: Mounting plugin EditorScriptingUtilities
LogPluginManager: Mounting plugin FacialAnimation
LogPluginManager: Mounting plugin GameplayTagsEditor
LogPluginManager: Mounting plugin GeometryMode
LogPluginManager: Mounting plugin MacGraphicsSwitching
LogPluginManager: Mounting plugin MaterialAnalyzer
LogPluginManager: Mounting plugin MobileLauncherProfileWizard
LogPluginManager: Mounting plugin PluginBrowser
LogPluginManager: Mounting plugin SpeedTreeImporter
LogPluginManager: Mounting plugin DatasmithContent
LogPluginManager: Mounting plugin VariantManagerContent
LogPluginManager: Mounting plugin AlembicImporter
LogPluginManager: Mounting plugin AutomationUtils
LogPluginManager: Mounting plugin BackChannel
LogPluginManager: Mounting plugin ChaosCloth
LogPluginManager: Mounting plugin ChaosClothEditor
LogPluginManager: Mounting plugin ChaosEditor
LogPluginManager: Mounting plugin ChaosNiagara
LogPluginManager: Mounting plugin ChaosSolverPlugin
LogPluginManager: Mounting plugin CharacterAI
LogPluginManager: Mounting plugin GeometryCache
LogPluginManager: Mounting plugin GeometryCollectionPlugin
LogPluginManager: Mounting plugin GeometryProcessing
LogPluginManager: Mounting plugin PlanarCut
LogPluginManager: Mounting plugin PlatformCrypto
LogPluginManager: Mounting plugin ProxyLODPlugin
LogPluginManager: Mounting plugin SkeletalReduction
LogPluginManager: Mounting plugin Niagara
LogPluginManager: Mounting plugin MagicLeap
LogPluginManager: Mounting plugin MagicLeapLightEstimation
LogPluginManager: Mounting plugin MagicLeapMedia
LogPluginManager: Mounting plugin MagicLeapPassableWorld
LogPluginManager: Mounting plugin MLSDK
LogPluginManager: Mounting plugin AndroidMedia
LogPluginManager: Mounting plugin AvfMedia
LogPluginManager: Mounting plugin ImgMedia
LogPluginManager: Mounting plugin MediaCompositing
LogPluginManager: Mounting plugin MediaPlayerEditor
LogPluginManager: Mounting plugin WebMMedia
LogPluginManager: Mounting plugin WmfMedia
LogPluginManager: Mounting plugin MeshPainting
LogPluginManager: Mounting plugin TcpMessaging
LogPluginManager: Mounting plugin UdpMessaging
LogPluginManager: Mounting plugin ActorSequence
LogPluginManager: Mounting plugin LevelSequenceEditor
LogPluginManager: Mounting plugin MatineeToLevelSequence
LogPluginManager: Mounting plugin MovieRenderPipeline
LogPluginManager: Mounting plugin TemplateSequence
LogPluginManager: Mounting plugin NetcodeUnitTest
LogPluginManager: Mounting plugin NUTUnrealEngine4
LogPluginManager: Mounting plugin OnlineSubsystemGooglePlay
LogPluginManager: Mounting plugin OnlineSubsystemIOS
LogPluginManager: Mounting plugin OnlineSubsystem
LogPluginManager: Mounting plugin OnlineSubsystemNull
LogPluginManager: Mounting plugin OnlineSubsystemUtils
LogPluginManager: Mounting plugin LauncherChunkInstaller
LogPluginManager: Mounting plugin AndroidDeviceProfileSelector
LogPluginManager: Mounting plugin AndroidMoviePlayer
LogPluginManager: Mounting plugin AndroidPermission
LogPluginManager: Mounting plugin AppleImageUtils
LogPluginManager: Mounting plugin AppleMoviePlayer
LogPluginManager: Mounting plugin ArchVisCharacter
LogPluginManager: Mounting plugin AssetTags
LogPluginManager: Mounting plugin AudioCapture
LogPluginManager: Mounting plugin CableComponent
LogPluginManager: Mounting plugin CustomMeshComponent
LogPluginManager: Mounting plugin EditableMesh
LogPluginManager: Mounting plugin ExampleDeviceProfileSelector
LogPluginManager: Mounting plugin GoogleCloudMessaging
LogPluginManager: Mounting plugin GooglePAD
LogPluginManager: Mounting plugin IOSDeviceProfileSelector
LogPluginManager: Mounting plugin LinuxDeviceProfileSelector
LogPluginManager: Mounting plugin LocationServicesBPLibrary
LogPluginManager: Mounting plugin MobilePatchingUtils
LogPluginManager: Mounting plugin OculusVR
LogPluginManager: Mounting plugin PhysXVehicles
LogPluginManager: Mounting plugin PostSplashScreen
LogPluginManager: Mounting plugin ProceduralMeshComponent
LogPluginManager: Mounting plugin RuntimePhysXCooking
LogPluginManager: Mounting plugin SignificanceManager
LogPluginManager: Mounting plugin SoundFields
LogPluginManager: Mounting plugin SteamVR
LogPluginManager: Mounting plugin Synthesis
LogPluginManager: Mounting plugin WebMMoviePlayer
LogPluginManager: Mounting plugin WindowsMoviePlayer
LogPluginManager: Mounting plugin ScreenshotTools
LogInit: Using libcurl 7.55.1-DEV
LogInit:  - built for x86_64-pc-win32
LogInit:  - supports SSL with OpenSSL/1.1.1
LogInit:  - supports HTTP deflate (compression) using libz 1.2.8
LogInit:  - other features:
LogInit:      CURL_VERSION_SSL
LogInit:      CURL_VERSION_LIBZ
LogInit:      CURL_VERSION_IPV6
LogInit:      CURL_VERSION_ASYNCHDNS
LogInit:      CURL_VERSION_LARGEFILE
LogInit:      CURL_VERSION_IDN
LogInit:  CurlRequestOptions (configurable via config and command line):
LogInit:  - bVerifyPeer = true  - Libcurl will verify peer certificate
LogInit:  - bUseHttpProxy = false  - Libcurl will NOT use HTTP proxy
LogInit:  - bDontReuseConnections = false  - Libcurl will reuse connections
LogInit:  - MaxHostConnections = 16  - Libcurl will limit the number of connections to a host
LogInit:  - LocalHostAddr = Default
LogInit:  - BufferSize = 65536
LogOnline: OSS: Creating online subsystem instance for: NULL
LogInit: WinSock: version 1.1 (2.2), MaxSocks=32767, MaxUdp=65467
LogOnline: OSS: TryLoadSubsystemAndSetDefault: Loaded subsystem for module [NULL]
LogInit: Build: ++UE4+Release-4.25-CL-13594126
LogInit: Engine Version: 4.25.1-13594126+++UE4+Release-4.25
LogInit: Compatible Engine Version: 4.25.0-13144385+++UE4+Release-4.25
LogInit: Net CL: 13144385
LogInit: OS: Windows 10 (Release 1903) (), CPU: AMD Ryzen 5 3600 6-Core Processor              , GPU: NVIDIA GeForce GTX 960
LogInit: Compiled (64-bit): Jun  2 2020 02:10:36
LogInit: Compiled with Visual C++: 19.24.28315.00
LogInit: Build Configuration: Development
LogInit: Branch Name: ++UE4+Release-4.25
LogInit: Command Line: 
LogInit: Base Directory: C:/Unreal Engine/UE_4.25/Engine/Binaries/Win64/
LogInit: Allocator: TBB
LogInit: Installed Engine Build: 1
LogDevObjectVersion: Number of dev versions registered: 26
LogDevObjectVersion:   Dev-Blueprints (B0D832E4-1F89-4F0D-ACCF-7EB736FD4AA2): 10
LogDevObjectVersion:   Dev-Build (E1C64328-A22C-4D53-A36C-8E866417BD8C): 0
LogDevObjectVersion:   Dev-Core (375EC13C-06E4-48FB-B500-84F0262A717E): 4
LogDevObjectVersion:   Dev-Editor (E4B068ED-F494-42E9-A231-DA0B2E46BB41): 38
LogDevObjectVersion:   Dev-Framework (CFFC743F-43B0-4480-9391-14DF171D2073): 37
LogDevObjectVersion:   Dev-Mobile (B02B49B5-BB20-44E9-A304-32B752E40360): 2
LogDevObjectVersion:   Dev-Networking (A4E4105C-59A1-49B5-A7C5-40C4547EDFEE): 0
LogDevObjectVersion:   Dev-Online (39C831C9-5AE6-47DC-9A44-9C173E1C8E7C): 0
LogDevObjectVersion:   Dev-Physics (78F01B33-EBEA-4F98-B9B4-84EACCB95AA2): 4
LogDevObjectVersion:   Dev-Platform (6631380F-2D4D-43E0-8009-CF276956A95A): 0
LogDevObjectVersion:   Dev-Rendering (12F88B9F-8875-4AFC-A67C-D90C383ABD29): 43
LogDevObjectVersion:   Dev-Sequencer (7B5AE74C-D270-4C10-A958-57980B212A5A): 12
LogDevObjectVersion:   Dev-VR (D7296918-1DD6-4BDD-9DE2-64A83CC13884): 3
LogDevObjectVersion:   Dev-LoadTimes (C2A15278-BFE7-4AFE-6C17-90FF531DF755): 1
LogDevObjectVersion:   Private-Geometry (6EACA3D4-40EC-4CC1-B786-8BED09428FC5): 3
LogDevObjectVersion:   Dev-AnimPhys (29E575DD-E0A3-4627-9D10-D276232CDCEA): 17
LogDevObjectVersion:   Dev-Anim (AF43A65D-7FD3-4947-9873-3E8ED9C1BB05): 7
LogDevObjectVersion:   Dev-ReflectionCapture (6B266CEC-1EC7-4B8F-A30B-E4D90942FC07): 1
LogDevObjectVersion:   Dev-Automation (0DF73D61-A23F-47EA-B727-89E90C41499A): 1
LogDevObjectVersion:   FortniteMain (601D1886-AC64-4F84-AA16-D3DE0DEAC7D6): 31
LogDevObjectVersion:   Dev-Enterprise (9DFFBCD6-494F-0158-E221-12823C92A888): 10
LogDevObjectVersion:   Dev-Niagara (F2AED0AC-9AFE-416F-8664-AA7FFA26D6FC): 1
LogDevObjectVersion:   Dev-Destruction (174F1F0B-B4C6-45A5-B13F-2EE8D0FB917D): 10
LogDevObjectVersion:   Dev-Physics-Ext (35F94A83-E258-406C-A318-09F59610247C): 37
LogDevObjectVersion:   Dev-PhysicsMaterial-Chaos (B68FC16E-8B1B-42E2-B453-215C058844FE): 1
LogDevObjectVersion:   Dev-CineCamera (B2E18506-4273-CFC2-A54E-F4BB758BBA07): 1
LogInit: Presizing for max 25165824 objects, including 0 objects not considered by GC, pre-allocating 0 bytes for permanent pool.
LogConfig: Applying CVar settings from Section [/Script/Engine.StreamingSettings] File [C:/Users/Mohammad/Documents/Unreal Projects/MarsMarine/Saved/Config/Windows/Engine.ini]
LogConfig: Setting CVar [[s.MinBulkDataSizeForAsyncLoading:131072]]
LogConfig: Setting CVar [[s.AsyncLoadingThreadEnabled:0]]
LogConfig: Setting CVar [[s.EventDrivenLoaderEnabled:1]]
LogConfig: Setting CVar [[s.WarnIfTimeLimitExceeded:0]]
LogConfig: Setting CVar [[s.TimeLimitExceededMultiplier:1.5]]
LogConfig: Setting CVar [[s.TimeLimitExceededMinTime:0.005]]
LogConfig: Setting CVar [[s.UseBackgroundLevelStreaming:1]]
LogConfig: Setting CVar [[s.PriorityAsyncLoadingExtraTime:15.0]]
LogConfig: Setting CVar [[s.LevelStreamingActorsUpdateTimeLimit:5.0]]
LogConfig: Setting CVar [[s.PriorityLevelStreamingActorsUpdateExtraTime:5.0]]
LogConfig: Setting CVar [[s.LevelStreamingComponentsRegistrationGranularity:10]]
LogConfig: Setting CVar [[s.UnregisterComponentsTimeLimit:1.0]]
LogConfig: Setting CVar [[s.LevelStreamingComponentsUnregistrationGranularity:5]]
LogConfig: Setting CVar [[s.FlushStreamingOnExit:1]]
LogInit: Object subsystem initialized
LogConfig: Setting CVar [[con.DebugEarlyDefault:1]]
LogConfig: Setting CVar [[r.setres:1280x720]]
[2020.06.28-12.53.33:319][  0]LogConfig: Setting CVar [[r.VSync:0]]
[2020.06.28-12.53.33:319][  0]LogConfig: Setting CVar [[r.RHICmdBypass:0]]
[2020.06.28-12.53.33:319][  0]LogConfig: Applying CVar settings from Section [/Script/Engine.RendererSettings] File [C:/Users/Mohammad/Documents/Unreal Projects/MarsMarine/Saved/Config/Windows/Engine.ini]
[2020.06.28-12.53.33:319][  0]LogConfig: Setting CVar [[r.GPUCrashDebugging:0]]
[2020.06.28-12.53.33:319][  0]LogConfig: Applying CVar settings from Section [/Script/Engine.RendererOverrideSettings] File [C:/Users/Mohammad/Documents/Unreal Projects/MarsMarine/Saved/Config/Windows/Engine.ini]
[2020.06.28-12.53.33:319][  0]LogConfig: Applying CVar settings from Section [/Script/Engine.StreamingSettings] File [C:/Users/Mohammad/Documents/Unreal Projects/MarsMarine/Saved/Config/Windows/Engine.ini]
[2020.06.28-12.53.33:319][  0]LogConfig: Setting CVar [[s.MinBulkDataSizeForAsyncLoading:131072]]
[2020.06.28-12.53.33:319][  0]LogConfig: Setting CVar [[s.AsyncLoadingThreadEnabled:0]]
[2020.06.28-12.53.33:319][  0]LogConfig: Setting CVar [[s.EventDrivenLoaderEnabled:1]]
[2020.06.28-12.53.33:319][  0]LogConfig: Setting CVar [[s.WarnIfTimeLimitExceeded:0]]
[2020.06.28-12.53.33:319][  0]LogConfig: Setting CVar [[s.TimeLimitExceededMultiplier:1.5]]
[2020.06.28-12.53.33:319][  0]LogConfig: Setting CVar [[s.TimeLimitExceededMinTime:0.005]]
[2020.06.28-12.53.33:319][  0]LogConfig: Setting CVar [[s.UseBackgroundLevelStreaming:1]]
[2020.06.28-12.53.33:319][  0]LogConfig: Setting CVar [[s.PriorityAsyncLoadingExtraTime:15.0]]
[2020.06.28-12.53.33:319][  0]LogConfig: Setting CVar [[s.LevelStreamingActorsUpdateTimeLimit:5.0]]
[2020.06.28-12.53.33:319][  0]LogConfig: Setting CVar [[s.PriorityLevelStreamingActorsUpdateExtraTime:5.0]]
[2020.06.28-12.53.33:319][  0]LogConfig: Setting CVar [[s.LevelStreamingComponentsRegistrationGranularity:10]]
[2020.06.28-12.53.33:319][  0]LogConfig: Setting CVar [[s.UnregisterComponentsTimeLimit:1.0]]
[2020.06.28-12.53.33:319][  0]LogConfig: Setting CVar [[s.LevelStreamingComponentsUnregistrationGranularity:5]]
[2020.06.28-12.53.33:319][  0]LogConfig: Setting CVar [[s.FlushStreamingOnExit:1]]
[2020.06.28-12.53.33:319][  0]LogConfig: Applying CVar settings from Section [/Script/Engine.GarbageCollectionSettings] File [C:/Users/Mohammad/Documents/Unreal Projects/MarsMarine/Saved/Config/Windows/Engine.ini]
[2020.06.28-12.53.33:319][  0]LogConfig: Setting CVar [[gc.MaxObjectsNotConsideredByGC:1]]
[2020.06.28-12.53.33:319][  0]LogConfig: Setting CVar [[gc.SizeOfPermanentObjectPool:0]]
[2020.06.28-12.53.33:319][  0]LogConfig: Setting CVar [[gc.FlushStreamingOnGC:0]]
[2020.06.28-12.53.33:319][  0]LogConfig: Setting CVar [[gc.NumRetriesBeforeForcingGC:10]]
[2020.06.28-12.53.33:319][  0]LogConfig: Setting CVar [[gc.AllowParallelGC:1]]
[2020.06.28-12.53.33:319][  0]LogConfig: Setting CVar [[gc.TimeBetweenPurgingPendingKillObjects:61.1]]
[2020.06.28-12.53.33:319][  0]LogConfig: Setting CVar [[gc.MaxObjectsInEditor:25165824]]
[2020.06.28-12.53.33:319][  0]LogConfig: Setting CVar [[gc.IncrementalBeginDestroyEnabled:1]]
[2020.06.28-12.53.33:319][  0]LogConfig: Setting CVar [[gc.CreateGCClusters:1]]
[2020.06.28-12.53.33:319][  0]LogConfig: Setting CVar [[gc.MinGCClusterSize:5]]
[2020.06.28-12.53.33:319][  0]LogConfig: Setting CVar [[gc.ActorClusteringEnabled:0]]
[2020.06.28-12.53.33:319][  0]LogConfig: Setting CVar [[gc.BlueprintClusteringEnabled:0]]
[2020.06.28-12.53.33:319][  0]LogConfig: Setting CVar [[gc.UseDisregardForGCOnDedicatedServers:0]]
[2020.06.28-12.53.33:319][  0]LogConfig: Applying CVar settings from Section [/Script/Engine.NetworkSettings] File [C:/Users/Mohammad/Documents/Unreal Projects/MarsMarine/Saved/Config/Windows/Engine.ini]
[2020.06.28-12.53.33:319][  0]LogConfig: Applying CVar settings from Section [/Script/UnrealEd.CookerSettings] File [C:/Users/Mohammad/Documents/Unreal Projects/MarsMarine/Saved/Config/Windows/Engine.ini]
[2020.06.28-12.53.33:323][  0]LogConfig: Applying CVar settings from Section [ViewDistanceQuality@3] File [C:/Users/Mohammad/Documents/Unreal Projects/MarsMarine/Saved/Config/Windows/Scalability.ini]
[2020.06.28-12.53.33:323][  0]LogConfig: Setting CVar [[r.SkeletalMeshLODBias:0]]
[2020.06.28-12.53.33:323][  0]LogConfig: Setting CVar [[r.ViewDistanceScale:1.0]]
[2020.06.28-12.53.33:323][  0]LogConfig: Applying CVar settings from Section [AntiAliasingQuality@3] File [C:/Users/Mohammad/Documents/Unreal Projects/MarsMarine/Saved/Config/Windows/Scalability.ini]
[2020.06.28-12.53.33:323][  0]LogConfig: Setting CVar [[r.PostProcessAAQuality:4]]
[2020.06.28-12.53.33:323][  0]LogConfig: Applying CVar settings from Section [ShadowQuality@3] File [C:/Users/Mohammad/Documents/Unreal Projects/MarsMarine/Saved/Config/Windows/Scalability.ini]
[2020.06.28-12.53.33:323][  0]LogConfig: Setting CVar [[r.LightFunctionQuality:1]]
[2020.06.28-12.53.33:323][  0]LogConfig: Setting CVar [[r.ShadowQuality:5]]
[2020.06.28-12.53.33:323][  0]LogConfig: Setting CVar [[r.Shadow.CSM.MaxCascades:10]]
[2020.06.28-12.53.33:323][  0]LogConfig: Setting CVar [[r.Shadow.MaxResolution:2048]]
[2020.06.28-12.53.33:323][  0]LogConfig: Setting CVar [[r.Shadow.MaxCSMResolution:2048]]
[2020.06.28-12.53.33:323][  0]LogConfig: Setting CVar [[r.Shadow.RadiusThreshold:0.01]]
[2020.06.28-12.53.33:323][  0]LogConfig: Setting CVar [[r.Shadow.DistanceScale:1.0]]
[2020.06.28-12.53.33:323][  0]LogConfig: Setting CVar [[r.Shadow.CSM.TransitionScale:1.0]]
[2020.06.28-12.53.33:323][  0]LogConfig: Setting CVar [[r.Shadow.PreShadowResolutionFactor:1.0]]
[2020.06.28-12.53.33:323][  0]LogConfig: Setting CVar [[r.DistanceFieldShadowing:1]]
[2020.06.28-12.53.33:323][  0]LogConfig: Setting CVar [[r.DistanceFieldAO:1]]
[2020.06.28-12.53.33:323][  0]LogConfig: Setting CVar [[r.AOQuality:2]]
[2020.06.28-12.53.33:323][  0]LogConfig: Setting CVar [[r.VolumetricFog:1]]
[2020.06.28-12.53.33:323][  0]LogConfig: Setting CVar [[r.VolumetricFog.GridPixelSize:8]]
[2020.06.28-12.53.33:323][  0]LogConfig: Setting CVar [[r.VolumetricFog.GridSizeZ:128]]
[2020.06.28-12.53.33:323][  0]LogConfig: Setting CVar [[r.VolumetricFog.HistoryMissSupersampleCount:4]]
[2020.06.28-12.53.33:323][  0]LogConfig: Setting CVar [[r.LightMaxDrawDistanceScale:1]]
[2020.06.28-12.53.33:323][  0]LogConfig: Setting CVar [[r.CapsuleShadows:1]]
[2020.06.28-12.53.33:323][  0]LogConfig: Applying CVar settings from Section [PostProcessQuality@3] File [C:/Users/Mohammad/Documents/Unreal Projects/MarsMarine/Saved/Config/Windows/Scalability.ini]
[2020.06.28-12.53.33:323][  0]LogConfig: Setting CVar [[r.MotionBlurQuality:4]]
[2020.06.28-12.53.33:323][  0]LogConfig: Setting CVar [[r.AmbientOcclusionMipLevelFactor:0.4]]
[2020.06.28-12.53.33:323][  0]LogConfig: Setting CVar [[r.AmbientOcclusionMaxQuality:100]]
[2020.06.28-12.53.33:323][  0]LogConfig: Setting CVar [[r.AmbientOcclusionLevels:-1]]
[2020.06.28-12.53.33:323][  0]LogConfig: Setting CVar [[r.AmbientOcclusionRadiusScale:1.0]]
[2020.06.28-12.53.33:323][  0]LogConfig: Setting CVar [[r.DepthOfFieldQuality:2]]
[2020.06.28-12.53.33:323][  0]LogConfig: Setting CVar [[r.RenderTargetPoolMin:400]]
[2020.06.28-12.53.33:323][  0]LogConfig: Setting CVar [[r.LensFlareQuality:2]]
[2020.06.28-12.53.33:323][  0]LogConfig: Setting CVar [[r.SceneColorFringeQuality:1]]
[2020.06.28-12.53.33:323][  0]LogConfig: Setting CVar [[r.EyeAdaptationQuality:2]]
[2020.06.28-12.53.33:323][  0]LogConfig: Setting CVar [[r.BloomQuality:5]]
[2020.06.28-12.53.33:323][  0]LogConfig: Setting CVar [[r.FastBlurThreshold:100]]
[2020.06.28-12.53.33:323][  0]LogConfig: Setting CVar [[r.Upscale.Quality:3]]
[2020.06.28-12.53.33:323][  0]LogConfig: Setting CVar [[r.Tonemapper.GrainQuantization:1]]
[2020.06.28-12.53.33:323][  0]LogConfig: Setting CVar [[r.LightShaftQuality:1]]
[2020.06.28-12.53.33:323][  0]LogConfig: Setting CVar [[r.Filter.SizeScale:1]]
[2020.06.28-12.53.33:323][  0]LogConfig: Setting CVar [[r.Tonemapper.Quality:5]]
[2020.06.28-12.53.33:323][  0]LogConfig: Setting CVar [[r.DOF.Gather.AccumulatorQuality:1        ; higher gathering accumulator quality]]
[2020.06.28-12.53.33:323][  0]LogConfig: Setting CVar [[r.DOF.Gather.PostfilterMethod:1          ; Median3x3 postfilering method]]
[2020.06.28-12.53.33:323][  0]LogConfig: Setting CVar [[r.DOF.Gather.EnableBokehSettings:0       ; no bokeh simulation when gathering]]
[2020.06.28-12.53.33:323][  0]LogConfig: Setting CVar [[r.DOF.Gather.RingCount:4                 ; medium number of samples when gathering]]
[2020.06.28-12.53.33:323][  0]LogConfig: Setting CVar [[r.DOF.Scatter.ForegroundCompositing:1    ; additive foreground scattering]]
[2020.06.28-12.53.33:323][  0]LogConfig: Setting CVar [[r.DOF.Scatter.BackgroundCompositing:2    ; additive background scattering]]
[2020.06.28-12.53.33:323][  0]LogConfig: Setting CVar [[r.DOF.Scatter.EnableBokehSettings:1      ; bokeh simulation when scattering]]
[2020.06.28-12.53.33:323][  0]LogConfig: Setting CVar [[r.DOF.Scatter.MaxSpriteRatio:0.1         ; only a maximum of 10% of scattered bokeh]]
[2020.06.28-12.53.33:323][  0]LogConfig: Setting CVar [[r.DOF.Recombine.Quality:1                ; cheap slight out of focus]]
[2020.06.28-12.53.33:323][  0]LogConfig: Setting CVar [[r.DOF.Recombine.EnableBokehSettings:0    ; no bokeh simulation on slight out of focus]]
[2020.06.28-12.53.33:323][  0]LogConfig: Setting CVar [[r.DOF.TemporalAAQuality:1                ; more stable temporal accumulation]]
[2020.06.28-12.53.33:323][  0]LogConfig: Setting CVar [[r.DOF.Kernel.MaxForegroundRadius:0.025]]
[2020.06.28-12.53.33:323][  0]LogConfig: Setting CVar [[r.DOF.Kernel.MaxBackgroundRadius:0.025]]
[2020.06.28-12.53.33:323][  0]LogConfig: Applying CVar settings from Section [TextureQuality@3] File [C:/Users/Mohammad/Documents/Unreal Projects/MarsMarine/Saved/Config/Windows/Scalability.ini]
[2020.06.28-12.53.33:323][  0]LogConfig: Setting CVar [[r.Streaming.MipBias:0]]
[2020.06.28-12.53.33:323][  0]LogConfig: Setting CVar [[r.Streaming.AmortizeCPUToGPUCopy:0]]
[2020.06.28-12.53.33:323][  0]LogConfig: Setting CVar [[r.Streaming.MaxNumTexturesToStreamPerFrame:0]]
[2020.06.28-12.53.33:323][  0]LogConfig: Setting CVar [[r.Streaming.Boost:1]]
[2020.06.28-12.53.33:323][  0]LogConfig: Setting CVar [[r.MaxAnisotropy:8]]
[2020.06.28-12.53.33:323][  0]LogConfig: Setting CVar [[r.VT.MaxAnisotropy:8]]
[2020.06.28-12.53.33:323][  0]LogConfig: Setting CVar [[r.Streaming.LimitPoolSizeToVRAM:0]]
[2020.06.28-12.53.33:323][  0]LogConfig: Setting CVar [[r.Streaming.PoolSize:1000]]
[2020.06.28-12.53.33:323][  0]LogConfig: Setting CVar [[r.Streaming.MaxEffectiveScreenSize:0]]
[2020.06.28-12.53.33:323][  0]LogConfig: Applying CVar settings from Section [EffectsQuality@3] File [C:/Users/Mohammad/Documents/Unreal Projects/MarsMarine/Saved/Config/Windows/Scalability.ini]
[2020.06.28-12.53.33:323][  0]LogConfig: Setting CVar [[r.TranslucencyLightingVolumeDim:64]]
[2020.06.28-12.53.33:323][  0]LogConfig: Setting CVar [[r.RefractionQuality:2]]
[2020.06.28-12.53.33:323][  0]LogConfig: Setting CVar [[r.SSR.Quality:3]]
[2020.06.28-12.53.33:323][  0]LogConfig: Setting CVar [[r.SSR.HalfResSceneColor:0]]
[2020.06.28-12.53.33:323][  0]LogConfig: Setting CVar [[r.SceneColorFormat:4]]
[2020.06.28-12.53.33:323][  0]LogConfig: Setting CVar [[r.DetailMode:2]]
[2020.06.28-12.53.33:323][  0]LogConfig: Setting CVar [[r.TranslucencyVolumeBlur:1]]
[2020.06.28-12.53.33:323][  0]LogConfig: Setting CVar [[r.MaterialQualityLevel:1 ; High quality]]
[2020.06.28-12.53.33:323][  0]LogConfig: Setting CVar [[r.SSS.Scale:1]]
[2020.06.28-12.53.33:323][  0]LogConfig: Setting CVar [[r.SSS.SampleSet:2]]
[2020.06.28-12.53.33:323][  0]LogConfig: Setting CVar [[r.SSS.Quality:1]]
[2020.06.28-12.53.33:323][  0]LogConfig: Setting CVar [[r.SSS.HalfRes:0]]
[2020.06.28-12.53.33:323][  0]LogConfig: Setting CVar [[r.SSGI.Quality:3]]
[2020.06.28-12.53.33:323][  0]LogConfig: Setting CVar [[r.EmitterSpawnRateScale:1.0]]
[2020.06.28-12.53.33:323][  0]LogConfig: Setting CVar [[r.ParticleLightQuality:2]]
[2020.06.28-12.53.33:323][  0]LogConfig: Setting CVar [[r.SkyAtmosphere.AerialPerspectiveLUT.FastApplyOnOpaque:1 ; Always have FastSkyLUT 1 in this case to avoid wrong sky]]
[2020.06.28-12.53.33:323][  0]LogConfig: Setting CVar [[r.SkyAtmosphere.AerialPerspectiveLUT.SampleCountPerSlice:1]]
[2020.06.28-12.53.33:323][  0]LogConfig: Setting CVar [[r.SkyAtmosphere.AerialPerspectiveLUT.DepthResolution:16.0]]
[2020.06.28-12.53.33:324][  0]LogConfig: Setting CVar [[r.SkyAtmosphere.FastSkyLUT:1]]
[2020.06.28-12.53.33:324][  0]LogConfig: Setting CVar [[r.SkyAtmosphere.FastSkyLUT.SampleCountMin:4.0]]
[2020.06.28-12.53.33:324][  0]LogConfig: Setting CVar [[r.SkyAtmosphere.FastSkyLUT.SampleCountMax:32.0]]
[2020.06.28-12.53.33:324][  0]LogConfig: Setting CVar [[r.SkyAtmosphere.SampleCountMin:4.0]]
[2020.06.28-12.53.33:324][  0]LogConfig: Setting CVar [[r.SkyAtmosphere.SampleCountMax:32.0]]
[2020.06.28-12.53.33:324][  0]LogConfig: Setting CVar [[r.SkyAtmosphere.TransmittanceLUT.UseSmallFormat:0]]
[2020.06.28-12.53.33:324][  0]LogConfig: Setting CVar [[r.SkyAtmosphere.TransmittanceLUT.SampleCount:10.0]]
[2020.06.28-12.53.33:324][  0]LogConfig: Setting CVar [[r.SkyAtmosphere.MultiScatteringLUT.SampleCount:15.0]]
[2020.06.28-12.53.33:324][  0]LogConfig: Applying CVar settings from Section [FoliageQuality@3] File [C:/Users/Mohammad/Documents/Unreal Projects/MarsMarine/Saved/Config/Windows/Scalability.ini]
[2020.06.28-12.53.33:324][  0]LogConfig: Setting CVar [[foliage.DensityScale:1.0]]
[2020.06.28-12.53.33:324][  0]LogConfig: Setting CVar [[grass.DensityScale:1.0]]
[2020.06.28-12.53.33:324][  0]LogConfig: Applying CVar settings from Section [ShadingQuality@3] File [C:/Users/Mohammad/Documents/Unreal Projects/MarsMarine/Saved/Config/Windows/Scalability.ini]
[2020.06.28-12.53.33:324][  0]LogConfig: Setting CVar [[r.HairStrands.SkyLighting.SampleCount:16]]
[2020.06.28-12.53.33:324][  0]LogConfig: Setting CVar [[r.HairStrands.SkyLighting.JitterIntegration:0]]
[2020.06.28-12.53.33:324][  0]LogConfig: Setting CVar [[r.HairStrands.SkyAO.SampleCount:16]]
[2020.06.28-12.53.33:324][  0]LogConfig: Setting CVar [[r.HairStrands.DeepShadow.SuperSampling:0]]
[2020.06.28-12.53.33:324][  0]LogConfig: Setting CVar [[r.HairStrands.VisibilityPPLL:0]]
[2020.06.28-12.53.33:324][  0]LogConfig: Setting CVar [[r.HairStrands.RasterizationScale:0.5]]
[2020.06.28-12.53.33:324][  0]LogConfig: Setting CVar [[r.HairStrands.VelocityRasterizationScale:1]]
[2020.06.28-12.53.33:324][  0]LogInit: Selected Device Profile: [Windows]
[2020.06.28-12.53.33:324][  0]LogInit: Applying CVar settings loaded from the selected device profile: [Windows]
[2020.06.28-12.53.33:324][  0]LogHAL: Display: Platform has ~ 32 GB [34267308032 / 34359738368 / 32], which maps to Largest [LargestMinGB=32, LargerMinGB=12, DefaultMinGB=8, SmallerMinGB=6, SmallestMinGB=0)
[2020.06.28-12.53.33:324][  0]LogInit: Going up to parent DeviceProfile []
[2020.06.28-12.53.33:324][  0]LogConfig: Applying CVar settings from Section [ViewDistanceQuality@3] File [C:/Users/Mohammad/Documents/Unreal Projects/MarsMarine/Saved/Config/Windows/Scalability.ini]
[2020.06.28-12.53.33:324][  0]LogConfig: Setting CVar [[r.SkeletalMeshLODBias:0]]
[2020.06.28-12.53.33:324][  0]LogConfig: Setting CVar [[r.ViewDistanceScale:1.0]]
[2020.06.28-12.53.33:324][  0]LogConfig: Applying CVar settings from Section [AntiAliasingQuality@3] File [C:/Users/Mohammad/Documents/Unreal Projects/MarsMarine/Saved/Config/Windows/Scalability.ini]
[2020.06.28-12.53.33:324][  0]LogConfig: Setting CVar [[r.PostProcessAAQuality:4]]
[2020.06.28-12.53.33:324][  0]LogConfig: Applying CVar settings from Section [ShadowQuality@3] File [C:/Users/Mohammad/Documents/Unreal Projects/MarsMarine/Saved/Config/Windows/Scalability.ini]
[2020.06.28-12.53.33:324][  0]LogConfig: Setting CVar [[r.LightFunctionQuality:1]]
[2020.06.28-12.53.33:324][  0]LogConfig: Setting CVar [[r.ShadowQuality:5]]
[2020.06.28-12.53.33:324][  0]LogConfig: Setting CVar [[r.Shadow.CSM.MaxCascades:10]]
[2020.06.28-12.53.33:324][  0]LogConfig: Setting CVar [[r.Shadow.MaxResolution:2048]]
[2020.06.28-12.53.33:324][  0]LogConfig: Setting CVar [[r.Shadow.MaxCSMResolution:2048]]
[2020.06.28-12.53.33:324][  0]LogConfig: Setting CVar [[r.Shadow.RadiusThreshold:0.01]]
[2020.06.28-12.53.33:324][  0]LogConfig: Setting CVar [[r.Shadow.DistanceScale:1.0]]
[2020.06.28-12.53.33:324][  0]LogConfig: Setting CVar [[r.Shadow.CSM.TransitionScale:1.0]]
[2020.06.28-12.53.33:324][  0]LogConfig: Setting CVar [[r.Shadow.PreShadowResolutionFactor:1.0]]
[2020.06.28-12.53.33:324][  0]LogConfig: Setting CVar [[r.DistanceFieldShadowing:1]]
[2020.06.28-12.53.33:324][  0]LogConfig: Setting CVar [[r.DistanceFieldAO:1]]
[2020.06.28-12.53.33:324][  0]LogConfig: Setting CVar [[r.AOQuality:2]]
[2020.06.28-12.53.33:324][  0]LogConfig: Setting CVar [[r.VolumetricFog:1]]
[2020.06.28-12.53.33:324][  0]LogConfig: Setting CVar [[r.VolumetricFog.GridPixelSize:8]]
[2020.06.28-12.53.33:324][  0]LogConfig: Setting CVar [[r.VolumetricFog.GridSizeZ:128]]
[2020.06.28-12.53.33:324][  0]LogConfig: Setting CVar [[r.VolumetricFog.HistoryMissSupersampleCount:4]]
[2020.06.28-12.53.33:324][  0]LogConfig: Setting CVar [[r.LightMaxDrawDistanceScale:1]]
[2020.06.28-12.53.33:324][  0]LogConfig: Setting CVar [[r.CapsuleShadows:1]]
[2020.06.28-12.53.33:324][  0]LogConfig: Applying CVar settings from Section [PostProcessQuality@3] File [C:/Users/Mohammad/Documents/Unreal Projects/MarsMarine/Saved/Config/Windows/Scalability.ini]
[2020.06.28-12.53.33:324][  0]LogConfig: Setting CVar [[r.MotionBlurQuality:4]]
[2020.06.28-12.53.33:324][  0]LogConfig: Setting CVar [[r.AmbientOcclusionMipLevelFactor:0.4]]
[2020.06.28-12.53.33:324][  0]LogConfig: Setting CVar [[r.AmbientOcclusionMaxQuality:100]]
[2020.06.28-12.53.33:324][  0]LogConfig: Setting CVar [[r.AmbientOcclusionLevels:-1]]
[2020.06.28-12.53.33:324][  0]LogConfig: Setting CVar [[r.AmbientOcclusionRadiusScale:1.0]]
[2020.06.28-12.53.33:324][  0]LogConfig: Setting CVar [[r.DepthOfFieldQuality:2]]
[2020.06.28-12.53.33:324][  0]LogConfig: Setting CVar [[r.RenderTargetPoolMin:400]]
[2020.06.28-12.53.33:324][  0]LogConfig: Setting CVar [[r.LensFlareQuality:2]]
[2020.06.28-12.53.33:324][  0]LogConfig: Setting CVar [[r.SceneColorFringeQuality:1]]
[2020.06.28-12.53.33:324][  0]LogConfig: Setting CVar [[r.EyeAdaptationQuality:2]]
[2020.06.28-12.53.33:324][  0]LogConfig: Setting CVar [[r.BloomQuality:5]]
[2020.06.28-12.53.33:324][  0]LogConfig: Setting CVar [[r.FastBlurThreshold:100]]
[2020.06.28-12.53.33:324][  0]LogConfig: Setting CVar [[r.Upscale.Quality:3]]
[2020.06.28-12.53.33:324][  0]LogConfig: Setting CVar [[r.Tonemapper.GrainQuantization:1]]
[2020.06.28-12.53.33:324][  0]LogConfig: Setting CVar [[r.LightShaftQuality:1]]
[2020.06.28-12.53.33:324][  0]LogConfig: Setting CVar [[r.Filter.SizeScale:1]]
[2020.06.28-12.53.33:324][  0]LogConfig: Setting CVar [[r.Tonemapper.Quality:5]]
[2020.06.28-12.53.33:324][  0]LogConfig: Setting CVar [[r.DOF.Gather.AccumulatorQuality:1        ; higher gathering accumulator quality]]
[2020.06.28-12.53.33:324][  0]LogConfig: Setting CVar [[r.DOF.Gather.PostfilterMethod:1          ; Median3x3 postfilering method]]
[2020.06.28-12.53.33:324][  0]LogConfig: Setting CVar [[r.DOF.Gather.EnableBokehSettings:0       ; no bokeh simulation when gathering]]
[2020.06.28-12.53.33:324][  0]LogConfig: Setting CVar [[r.DOF.Gather.RingCount:4                 ; medium number of samples when gathering]]
[2020.06.28-12.53.33:324][  0]LogConfig: Setting CVar [[r.DOF.Scatter.ForegroundCompositing:1    ; additive foreground scattering]]
[2020.06.28-12.53.33:324][  0]LogConfig: Setting CVar [[r.DOF.Scatter.BackgroundCompositing:2    ; additive background scattering]]
[2020.06.28-12.53.33:324][  0]LogConfig: Setting CVar [[r.DOF.Scatter.EnableBokehSettings:1      ; bokeh simulation when scattering]]
[2020.06.28-12.53.33:324][  0]LogConfig: Setting CVar [[r.DOF.Scatter.MaxSpriteRatio:0.1         ; only a maximum of 10% of scattered bokeh]]
[2020.06.28-12.53.33:324][  0]LogConfig: Setting CVar [[r.DOF.Recombine.Quality:1                ; cheap slight out of focus]]
[2020.06.28-12.53.33:324][  0]LogConfig: Setting CVar [[r.DOF.Recombine.EnableBokehSettings:0    ; no bokeh simulation on slight out of focus]]
[2020.06.28-12.53.33:324][  0]LogConfig: Setting CVar [[r.DOF.TemporalAAQuality:1                ; more stable temporal accumulation]]
[2020.06.28-12.53.33:324][  0]LogConfig: Setting CVar [[r.DOF.Kernel.MaxForegroundRadius:0.025]]
[2020.06.28-12.53.33:324][  0]LogConfig: Setting CVar [[r.DOF.Kernel.MaxBackgroundRadius:0.025]]
[2020.06.28-12.53.33:324][  0]LogConfig: Applying CVar settings from Section [TextureQuality@3] File [C:/Users/Mohammad/Documents/Unreal Projects/MarsMarine/Saved/Config/Windows/Scalability.ini]
[2020.06.28-12.53.33:324][  0]LogConfig: Setting CVar [[r.Streaming.MipBias:0]]
[2020.06.28-12.53.33:324][  0]LogConfig: Setting CVar [[r.Streaming.AmortizeCPUToGPUCopy:0]]
[2020.06.28-12.53.33:325][  0]LogConfig: Setting CVar [[r.Streaming.MaxNumTexturesToStreamPerFrame:0]]
[2020.06.28-12.53.33:325][  0]LogConfig: Setting CVar [[r.Streaming.Boost:1]]
[2020.06.28-12.53.33:325][  0]LogConfig: Setting CVar [[r.MaxAnisotropy:8]]
[2020.06.28-12.53.33:325][  0]LogConfig: Setting CVar [[r.VT.MaxAnisotropy:8]]
[2020.06.28-12.53.33:325][  0]LogConfig: Setting CVar [[r.Streaming.LimitPoolSizeToVRAM:0]]
[2020.06.28-12.53.33:325][  0]LogConfig: Setting CVar [[r.Streaming.PoolSize:1000]]
[2020.06.28-12.53.33:325][  0]LogConfig: Setting CVar [[r.Streaming.MaxEffectiveScreenSize:0]]
[2020.06.28-12.53.33:325][  0]LogConfig: Applying CVar settings from Section [EffectsQuality@3] File [C:/Users/Mohammad/Documents/Unreal Projects/MarsMarine/Saved/Config/Windows/Scalability.ini]
[2020.06.28-12.53.33:325][  0]LogConfig: Setting CVar [[r.TranslucencyLightingVolumeDim:64]]
[2020.06.28-12.53.33:325][  0]LogConfig: Setting CVar [[r.RefractionQuality:2]]
[2020.06.28-12.53.33:325][  0]LogConfig: Setting CVar [[r.SSR.Quality:3]]
[2020.06.28-12.53.33:325][  0]LogConfig: Setting CVar [[r.SSR.HalfResSceneColor:0]]
[2020.06.28-12.53.33:325][  0]LogConfig: Setting CVar [[r.SceneColorFormat:4]]
[2020.06.28-12.53.33:325][  0]LogConfig: Setting CVar [[r.DetailMode:2]]
[2020.06.28-12.53.33:325][  0]LogConfig: Setting CVar [[r.TranslucencyVolumeBlur:1]]
[2020.06.28-12.53.33:325][  0]LogConfig: Setting CVar [[r.MaterialQualityLevel:1 ; High quality]]
[2020.06.28-12.53.33:325][  0]LogConfig: Setting CVar [[r.SSS.Scale:1]]
[2020.06.28-12.53.33:325][  0]LogConfig: Setting CVar [[r.SSS.SampleSet:2]]
[2020.06.28-12.53.33:325][  0]LogConfig: Setting CVar [[r.SSS.Quality:1]]
[2020.06.28-12.53.33:325][  0]LogConfig: Setting CVar [[r.SSS.HalfRes:0]]
[2020.06.28-12.53.33:325][  0]LogConfig: Setting CVar [[r.SSGI.Quality:3]]
[2020.06.28-12.53.33:325][  0]LogConfig: Setting CVar [[r.EmitterSpawnRateScale:1.0]]
[2020.06.28-12.53.33:325][  0]LogConfig: Setting CVar [[r.ParticleLightQuality:2]]
[2020.06.28-12.53.33:325][  0]LogConfig: Setting CVar [[r.SkyAtmosphere.AerialPerspectiveLUT.FastApplyOnOpaque:1 ; Always have FastSkyLUT 1 in this case to avoid wrong sky]]
[2020.06.28-12.53.33:325][  0]LogConfig: Setting CVar [[r.SkyAtmosphere.AerialPerspectiveLUT.SampleCountPerSlice:1]]
[2020.06.28-12.53.33:325][  0]LogConfig: Setting CVar [[r.SkyAtmosphere.AerialPerspectiveLUT.DepthResolution:16.0]]
[2020.06.28-12.53.33:325][  0]LogConfig: Setting CVar [[r.SkyAtmosphere.FastSkyLUT:1]]
[2020.06.28-12.53.33:325][  0]LogConfig: Setting CVar [[r.SkyAtmosphere.FastSkyLUT.SampleCountMin:4.0]]
[2020.06.28-12.53.33:325][  0]LogConfig: Setting CVar [[r.SkyAtmosphere.FastSkyLUT.SampleCountMax:32.0]]
[2020.06.28-12.53.33:325][  0]LogConfig: Setting CVar [[r.SkyAtmosphere.SampleCountMin:4.0]]
[2020.06.28-12.53.33:325][  0]LogConfig: Setting CVar [[r.SkyAtmosphere.SampleCountMax:32.0]]
[2020.06.28-12.53.33:325][  0]LogConfig: Setting CVar [[r.SkyAtmosphere.TransmittanceLUT.UseSmallFormat:0]]
[2020.06.28-12.53.33:325][  0]LogConfig: Setting CVar [[r.SkyAtmosphere.TransmittanceLUT.SampleCount:10.0]]
[2020.06.28-12.53.33:325][  0]LogConfig: Setting CVar [[r.SkyAtmosphere.MultiScatteringLUT.SampleCount:15.0]]
[2020.06.28-12.53.33:325][  0]LogConfig: Applying CVar settings from Section [FoliageQuality@3] File [C:/Users/Mohammad/Documents/Unreal Projects/MarsMarine/Saved/Config/Windows/Scalability.ini]
[2020.06.28-12.53.33:325][  0]LogConfig: Setting CVar [[foliage.DensityScale:1.0]]
[2020.06.28-12.53.33:325][  0]LogConfig: Setting CVar [[grass.DensityScale:1.0]]
[2020.06.28-12.53.33:325][  0]LogConfig: Applying CVar settings from Section [ShadingQuality@3] File [C:/Users/Mohammad/Documents/Unreal Projects/MarsMarine/Saved/Config/Windows/Scalability.ini]
[2020.06.28-12.53.33:325][  0]LogConfig: Setting CVar [[r.HairStrands.SkyLighting.SampleCount:16]]
[2020.06.28-12.53.33:325][  0]LogConfig: Setting CVar [[r.HairStrands.SkyLighting.JitterIntegration:0]]
[2020.06.28-12.53.33:325][  0]LogConfig: Setting CVar [[r.HairStrands.SkyAO.SampleCount:16]]
[2020.06.28-12.53.33:325][  0]LogConfig: Setting CVar [[r.HairStrands.DeepShadow.SuperSampling:0]]
[2020.06.28-12.53.33:325][  0]LogConfig: Setting CVar [[r.HairStrands.VisibilityPPLL:0]]
[2020.06.28-12.53.33:325][  0]LogConfig: Setting CVar [[r.HairStrands.RasterizationScale:0.5]]
[2020.06.28-12.53.33:325][  0]LogConfig: Setting CVar [[r.HairStrands.VelocityRasterizationScale:1]]
[2020.06.28-12.53.33:325][  0]LogConfig: Applying CVar settings from Section [Startup] File [../../../Engine/Config/ConsoleVariables.ini]
[2020.06.28-12.53.33:325][  0]LogConfig: Setting CVar [[net.UseAdaptiveNetUpdateFrequency:0]]
[2020.06.28-12.53.33:325][  0]LogConfig: Setting CVar [[p.chaos.AllowCreatePhysxBodies:1]]
[2020.06.28-12.53.33:325][  0]LogConfig: Setting CVar [[fx.SkipVectorVMBackendOptimizations:1]]
[2020.06.28-12.53.33:325][  0]LogConfig: Applying CVar settings from Section [ConsoleVariables] File [C:/Users/Mohammad/Documents/Unreal Projects/MarsMarine/Saved/Config/Windows/Engine.ini]
[2020.06.28-12.53.33:325][  0]LogInit: Computer: CARBONITE
[2020.06.28-12.53.33:325][  0]LogInit: User: Mohawesome
[2020.06.28-12.53.33:325][  0]LogInit: CPU Page size=4096, Cores=6
[2020.06.28-12.53.33:325][  0]LogInit: High frequency timer resolution =10.000000 MHz
[2020.06.28-12.53.33:325][  0]LogMemory: Memory total: Physical=31.9GB (32GB approx)
[2020.06.28-12.53.33:325][  0]LogMemory: Platform Memory Stats for Windows
[2020.06.28-12.53.33:326][  0]LogMemory: Process Physical Memory: 115.36 MB used, 115.36 MB peak
[2020.06.28-12.53.33:326][  0]LogMemory: Process Virtual Memory: 97.11 MB used, 97.11 MB peak
[2020.06.28-12.53.33:326][  0]LogMemory: Physical Memory: 4514.59 MB used,  28165.26 MB free, 32679.85 MB total
[2020.06.28-12.53.33:326][  0]LogMemory: Virtual Memory: 5165.89 MB used,  134212560.00 MB free, 134217728.00 MB total
[2020.06.28-12.53.33:329][  0]LogWindows: WindowsPlatformFeatures enabled
[2020.06.28-12.53.33:355][  0]LogInit: Physics initialised using underlying interface: PhysX
[2020.06.28-12.53.33:356][  0]LogInit: Using OS detected language (en-GB).
[2020.06.28-12.53.33:356][  0]LogInit: Using OS detected locale (en-GB).
[2020.06.28-12.53.33:358][  0]LogTextLocalizationManager: No specific localization for 'en-GB' exists, so the 'en' localization will be used.
[2020.06.28-12.53.33:501][  0]LogInit: Setting process to per monitor DPI aware
[2020.06.28-12.53.33:533][  0]LogSlate: New Slate User Created.  User Index 0, Is Virtual User: 0
[2020.06.28-12.53.33:533][  0]LogSlate: Slate User Registered.  User Index 0, Is Virtual User: 0
[2020.06.28-12.53.33:642][  0]LogHMD: Failed to initialize OpenVR with code 110
[2020.06.28-12.53.33:642][  0]LogD3D11RHI: D3D11 min allowed feature level: 11_0
[2020.06.28-12.53.33:642][  0]LogD3D11RHI: D3D11 max allowed feature level: 11_0
[2020.06.28-12.53.33:642][  0]LogD3D11RHI: D3D11 adapters:
[2020.06.28-12.53.33:691][  0]LogD3D11RHI:    0. 'NVIDIA GeForce GTX 960' (Feature Level 11_0)
[2020.06.28-12.53.33:691][  0]LogD3D11RHI:       2007/0/16339 MB DedicatedVideo/DedicatedSystem/SharedSystem, Outputs:2, VendorId:0x10de
[2020.06.28-12.53.33:693][  0]LogD3D11RHI:    1. 'Microsoft Basic Render Driver' (Feature Level 11_0)
[2020.06.28-12.53.33:693][  0]LogD3D11RHI:       0/0/16339 MB DedicatedVideo/DedicatedSystem/SharedSystem, Outputs:0, VendorId:0x1414
[2020.06.28-12.53.33:693][  0]LogD3D11RHI: Chosen D3D11 Adapter: 0
[2020.06.28-12.53.33:701][  0]LogD3D11RHI: Creating new Direct3DDevice
[2020.06.28-12.53.33:701][  0]LogD3D11RHI:     GPU DeviceId: 0x1401 (for the marketing name, search the web for "GPU Device Id")
[2020.06.28-12.53.33:701][  0]LogWindows: EnumDisplayDevices:
[2020.06.28-12.53.33:701][  0]LogWindows:    0. 'NVIDIA GeForce GTX 960' (P:0 D:1)
[2020.06.28-12.53.33:701][  0]LogWindows:    1. 'NVIDIA GeForce GTX 960' (P:1 D:1)
[2020.06.28-12.53.33:702][  0]LogWindows:    2. 'NVIDIA GeForce GTX 960' (P:0 D:0)
[2020.06.28-12.53.33:702][  0]LogWindows:    3. 'NVIDIA GeForce GTX 960' (P:0 D:0)
[2020.06.28-12.53.33:702][  0]LogWindows: DebugString: FoundDriverCount:4 
[2020.06.28-12.53.33:702][  0]LogD3D11RHI:     Adapter Name: NVIDIA GeForce GTX 960
[2020.06.28-12.53.33:702][  0]LogD3D11RHI:   Driver Version: 445.87 (internal:26.21.14.4587, unified:445.87)
[2020.06.28-12.53.33:702][  0]LogD3D11RHI:      Driver Date: 4-3-2020
[2020.06.28-12.53.33:702][  0]LogRHI: Texture pool is 1405 MB (70% of 2007 MB)
[2020.06.28-12.53.33:739][  0]LogD3D11RHI: RHI has support for 64 bit atomics
[2020.06.28-12.53.33:741][  0]LogD3D11RHI: [Aftermath] Enabled and primed
[2020.06.28-12.53.33:741][  0]LogD3D11RHI: Async texture creation enabled
[2020.06.28-12.53.33:741][  0]LogD3D11RHI: Array index from any shader is supported
[2020.06.28-12.53.33:769][  0]LogD3D11RHI: GPU Timing Frequency: 1000.000000 (Debug: 2 1)
[2020.06.28-12.53.33:991][  0]LogTargetPlatformManager: Display: Loaded TargetPlatform 'AllDesktop'
[2020.06.28-12.53.34:012][  0]LogTargetPlatformManager: Display: Loaded TargetPlatform 'Android'
[2020.06.28-12.53.34:012][  0]LogTargetPlatformManager: Display: Loaded TargetPlatform 'Android_ASTC'
[2020.06.28-12.53.34:012][  0]LogTargetPlatformManager: Display: Loaded TargetPlatform 'Android_DXT'
[2020.06.28-12.53.34:012][  0]LogTargetPlatformManager: Display: Loaded TargetPlatform 'Android_ETC2'
[2020.06.28-12.53.34:012][  0]LogTargetPlatformManager: Display: Loaded TargetPlatform 'AndroidClient'
[2020.06.28-12.53.34:012][  0]LogTargetPlatformManager: Display: Loaded TargetPlatform 'Android_ASTCClient'
[2020.06.28-12.53.34:012][  0]LogTargetPlatformManager: Display: Loaded TargetPlatform 'Android_DXTClient'
[2020.06.28-12.53.34:012][  0]LogTargetPlatformManager: Display: Loaded TargetPlatform 'Android_ETC2Client'
[2020.06.28-12.53.34:012][  0]LogTargetPlatformManager: Display: Loaded TargetPlatform 'Android_Multi'
[2020.06.28-12.53.34:012][  0]LogTargetPlatformManager: Display: Loaded TargetPlatform 'Android_MultiClient'
[2020.06.28-12.53.34:035][  0]LogTargetPlatformManager: Display: Loaded TargetPlatform 'IOSClient'
[2020.06.28-12.53.34:035][  0]LogTargetPlatformManager: Display: Loaded TargetPlatform 'IOS'
[2020.06.28-12.53.34:045][  0]LogTargetPlatformManager: Display: Loaded TargetPlatform 'Linux'
[2020.06.28-12.53.34:054][  0]LogTargetPlatformManager: Display: Loaded TargetPlatform 'LinuxNoEditor'
[2020.06.28-12.53.34:063][  0]LogTargetPlatformManager: Display: Loaded TargetPlatform 'LinuxClient'
[2020.06.28-12.53.34:072][  0]LogTargetPlatformManager: Display: Loaded TargetPlatform 'LinuxServer'
[2020.06.28-12.53.34:081][  0]LogTargetPlatformManager: Display: Loaded TargetPlatform 'LinuxAArch64NoEditor'
[2020.06.28-12.53.34:089][  0]LogTargetPlatformManager: Display: Loaded TargetPlatform 'LinuxAArch64Client'
[2020.06.28-12.53.34:099][  0]LogTargetPlatformManager: Display: Loaded TargetPlatform 'LinuxAArch64Server'
[2020.06.28-12.53.34:123][  0]LogTargetPlatformManager: Display: Loaded TargetPlatform 'Lumin'
[2020.06.28-12.53.34:123][  0]LogTargetPlatformManager: Display: Loaded TargetPlatform 'LuminClient'
[2020.06.28-12.53.34:137][  0]LogTargetPlatformManager: Display: Loaded TargetPlatform 'TVOSClient'
[2020.06.28-12.53.34:137][  0]LogTargetPlatformManager: Display: Loaded TargetPlatform 'TVOS'
[2020.06.28-12.53.34:145][  0]LogTargetPlatformManager: Display: Loaded TargetPlatform 'WindowsNoEditor'
[2020.06.28-12.53.34:154][  0]LogTargetPlatformManager: Display: Loaded TargetPlatform 'Windows'
[2020.06.28-12.53.34:163][  0]LogTargetPlatformManager: Display: Loaded TargetPlatform 'WindowsClient'
[2020.06.28-12.53.34:172][  0]LogTargetPlatformManager: Display: Loaded TargetPlatform 'WindowsServer'
[2020.06.28-12.53.34:172][  0]LogTargetPlatformManager: Display: Building Assets For Windows
[2020.06.28-12.53.34:178][  0]LogAudioDebug: Display: Lib vorbis DLL was dynamically loaded.
[2020.06.28-12.53.34:226][  0]LogShaderCompilers: Guid format shader working directory is -18 characters bigger than the processId version (../../../../../Users/Mohammad/Documents/Unreal Projects/MarsMarine/Intermediate/Shaders/WorkingDirectory/16144/).
[2020.06.28-12.53.34:226][  0]LogShaderCompilers: Cleaned the shader compiler working directory 'C:/Users/Mohammad/AppData/Local/Temp/UnrealShaderWorkingDir/4698A62F4C4237F8292D1988A6840E4F/'.
[2020.06.28-12.53.34:226][  0]LogXGEController: Cannot use XGE Controller as Incredibuild is not installed on this machine.
[2020.06.28-12.53.34:226][  0]LogShaderCompilers: Cannot use XGE Shader Compiler as Incredibuild is not installed on this machine.
[2020.06.28-12.53.34:226][  0]LogShaderCompilers: Display: Using Local Shader Compiler.
[2020.06.28-12.53.34:901][  0]LogDerivedDataCache: Display: Max Cache Size: 512 MB
[2020.06.28-12.53.34:937][  0]LogDerivedDataCache: Loaded boot cache 0.04s 75MB C:/Users/Mohammad/AppData/Local/UnrealEngine/4.25/DerivedDataCache/Boot.ddc.
[2020.06.28-12.53.34:937][  0]LogDerivedDataCache: Display: Loaded Boot cache: C:/Users/Mohammad/AppData/Local/UnrealEngine/4.25/DerivedDataCache/Boot.ddc
[2020.06.28-12.53.34:937][  0]LogDerivedDataCache: FDerivedDataBackendGraph:  Pak pak cache file ../../../../../Users/Mohammad/Documents/Unreal Projects/MarsMarine/DerivedDataCache/DDC.ddp not found, will not use a pak cache.
[2020.06.28-12.53.34:937][  0]LogDerivedDataCache: Unable to find inner node Pak for hierarchical cache Hierarchy.
[2020.06.28-12.53.34:937][  0]LogDerivedDataCache: FDerivedDataBackendGraph:  CompressedPak pak cache file ../../../../../Users/Mohammad/Documents/Unreal Projects/MarsMarine/DerivedDataCache/Compressed.ddp not found, will not use a pak cache.
[2020.06.28-12.53.34:937][  0]LogDerivedDataCache: Unable to find inner node CompressedPak for hierarchical cache Hierarchy.
[2020.06.28-12.53.34:947][  0]LogDerivedDataCache: Display: Pak cache opened for reading ../../../Engine/DerivedDataCache/Compressed.ddp.
[2020.06.28-12.53.34:948][  0]LogDerivedDataCache: FDerivedDataBackendGraph:  EnterprisePak pak cache file ../../../Enterprise/DerivedDataCache/Compressed.ddp not found, will not use a pak cache.
[2020.06.28-12.53.34:948][  0]LogDerivedDataCache: Unable to find inner node EnterprisePak for hierarchical cache Hierarchy.
[2020.06.28-12.53.34:949][  0]LogDerivedDataCache: Using Local data cache path C:/Users/Mohammad/AppData/Local/UnrealEngine/Common/DerivedDataCache: Writable
[2020.06.28-12.53.34:949][  0]LogDerivedDataCache: Shared data cache path not found in *engine.ini, will not use an Shared cache.
[2020.06.28-12.53.34:949][  0]LogDerivedDataCache: Unable to find inner node Shared for hierarchical cache Hierarchy.
[2020.06.28-12.53.34:994][  0]LogSlate: Using FreeType 2.10.0
[2020.06.28-12.53.34:995][  0]LogSlate: SlateFontServices - WITH_FREETYPE: 1, WITH_HARFBUZZ: 1
[2020.06.28-12.53.35:015][  0]LogAssetRegistry: FAssetRegistry took 0.0025 seconds to start up
[2020.06.28-12.53.35:234][  0]LogInit: Selected Device Profile: [Windows]
[2020.06.28-12.53.35:328][  0]LogMeshReduction: Using QuadricMeshReduction for automatic static mesh reduction
[2020.06.28-12.53.35:328][  0]LogMeshReduction: Using SimplygonMeshReduction for automatic skeletal mesh reduction
[2020.06.28-12.53.35:328][  0]LogMeshReduction: Using ProxyLODMeshReduction for automatic mesh merging
[2020.06.28-12.53.35:328][  0]LogMeshReduction: No distributed automatic mesh merging module available
[2020.06.28-12.53.35:328][  0]LogMeshMerging: No distributed automatic mesh merging module available
[2020.06.28-12.53.35:343][  0]LogNetVersion: MarsMarine 1.0.0, NetCL: 13144385, EngineNetVer: 14, GameNetVer: 0 (Checksum: 230598021)
[2020.06.28-12.53.35:693][  0]LogAISub: UAISubsystem::UAISubsystem AISubsystem (0000024FC5229BC0), frame # 0
[2020.06.28-12.53.35:693][  0]LogAISub: UAISubsystem::UAISubsystem AIPerceptionSystem (0000024FC516EAC0), frame # 0
[2020.06.28-12.53.35:694][  0]LogAISub: UAISubsystem::UAISubsystem EnvQueryManager (0000024FC518B200), frame # 0
[2020.06.28-12.53.35:754][  0]LogPackageLocalizationCache: Processed 19 localized package path(s) for 1 prioritized culture(s) in 0.054521 seconds
[2020.06.28-12.53.35:759][  0]LogUObjectArray: 15917 objects as part of root set at end of initial load.
[2020.06.28-12.53.35:759][  0]LogUObjectAllocator: 3965568 out of 0 bytes used by permanent object pool.
[2020.06.28-12.53.35:759][  0]LogUObjectArray: CloseDisregardForGC: 0/0 objects in disregard for GC pool
[2020.06.28-12.53.36:054][  0]LogTcpMessaging: Initializing TcpMessaging bridge
[2020.06.28-12.53.36:058][  0]LogUdpMessaging: Initializing bridge on interface 0.0.0.0:0 to multicast group 230.0.0.1:6666.
[2020.06.28-12.53.36:122][  0]SourceControl: Source control is disabled
[2020.06.28-12.53.36:122][  0]SourceControl: Source control is disabled
[2020.06.28-12.53.36:125][  0]SourceControl: Source control is disabled
[2020.06.28-12.53.36:127][  0]SourceControl: Source control is disabled
[2020.06.28-12.53.36:133][  0]SourceControl: Source control is disabled
[2020.06.28-12.53.36:343][  0]LogAndroidPermission: UAndroidPermissionCallbackProxy::GetInstance
[2020.06.28-12.53.36:362][  0]LogAudioCaptureCore: Display: No Audio Capture implementations found. Audio input will be silent.
[2020.06.28-12.53.36:362][  0]LogAudioCaptureCore: Display: No Audio Capture implementations found. Audio input will be silent.
[2020.06.28-12.53.36:406][  0]LogOcInput: OculusInput pre-init called
[2020.06.28-12.53.36:415][  0]LogWindows: Failed to load 'OVRPlugin.dll' (GetLastError=126)
[2020.06.28-12.53.36:415][  0]LogWindows: File 'OVRPlugin.dll' does not exist
[2020.06.28-12.53.36:477][  0]LogEngine: Initializing Engine...
[2020.06.28-12.53.36:478][  0]LogHMD: Failed to initialize OpenVR with code 110
[2020.06.28-12.53.36:479][  0]LogMagicLeap: Warning: VR disabled because ZI is not enabled.  To enable, in the editor, Edit -> Project Settings -> Plugins -> Magic Leap Plugin -> Enable Zero Iteration
[2020.06.28-12.53.36:479][  0]LogStats: UGameplayTagsManager::InitializeManager -  0.000 s
[2020.06.28-12.53.36:579][  0]LogInit: Initializing FReadOnlyCVARCache
[2020.06.28-12.53.36:586][  0]LogAIModule: Creating AISystem for world Untitled
[2020.06.28-12.53.36:586][  0]LogAISub: UAISubsystem::UAISubsystem EnvQueryManager (0000024FC82E9800), frame # 0
[2020.06.28-12.53.36:586][  0]LogAISub: UAISubsystem::UAISubsystem AIPerceptionSystem (0000024FC8309E40), frame # 0
[2020.06.28-12.53.36:596][  0]LogAudioMixer: Display: Audio Mixer Platform Settings:
[2020.06.28-12.53.36:596][  0]LogAudioMixer: Display: 	Sample Rate:						  48000
[2020.06.28-12.53.36:596][  0]LogAudioMixer: Display: 	Callback Buffer Frame Size Requested: 1024
[2020.06.28-12.53.36:596][  0]LogAudioMixer: Display: 	Callback Buffer Frame Size To Use:	  1024
[2020.06.28-12.53.36:596][  0]LogAudioMixer: Display: 	Number of buffers to queue:			  2
[2020.06.28-12.53.36:596][  0]LogAudioMixer: Display: 	Max Channels (voices):				  32
[2020.06.28-12.53.36:596][  0]LogAudioMixer: Display: 	Number of Async Source Workers:		  0
[2020.06.28-12.53.36:596][  0]LogAudio: Display: AudioDevice MaxSources: 32
[2020.06.28-12.53.36:596][  0]LogAudio: Display: Using built-in audio occlusion.
[2020.06.28-12.53.36:596][  0]LogAudioMixer: Display: Initializing audio mixer.
[2020.06.28-12.53.36:606][  0]LogAudioMixer: Display: 0: FrontLeft
[2020.06.28-12.53.36:606][  0]LogAudioMixer: Display: 1: FrontRight
[2020.06.28-12.53.36:639][  0]LogAudioMixer: Display: Using Audio Device Creative Speakers (High Definition Audio Device)
[2020.06.28-12.53.36:640][  0]LogAudioMixer: Display: Initializing Sound Submixes...
[2020.06.28-12.53.36:642][  0]LogAudioMixer: Display: Creating Master Submix 'MasterSubmixDefault'
[2020.06.28-12.53.36:642][  0]LogAudioMixer: Display: Creating Master Submix 'MasterReverbSubmixDefault'
[2020.06.28-12.53.36:643][  0]LogAudioMixer: Display: Creating Master Submix 'MasterEQSubmixDefault'
[2020.06.28-12.53.36:644][  0]LogInit: FAudioDevice initialized.
[2020.06.28-12.53.36:644][  0]LogNetVersion: Set ProjectVersion to 1.0.0.0. Version Checksum will be recalculated on next use.
[2020.06.28-12.53.36:717][  0]LogDerivedDataCache: Saved boot cache 0.07s 75MB C:/Users/Mohammad/AppData/Local/UnrealEngine/4.25/DerivedDataCache/Boot.ddc.
[2020.06.28-12.53.36:724][  0]LogInit: Texture streaming: Enabled
[2020.06.28-12.53.36:737][  0]LogEngineSessionManager: EngineSessionManager initialized
[2020.06.28-12.53.36:737][  0]LogEditorSessionSummary: Verbose: Initializing EditorSessionSummaryWriter for editor session tracking
[2020.06.28-12.53.36:738][  0]LogEditorSessionSummary: EditorSessionSummaryWriter initialized
[2020.06.28-12.53.36:798][  0]LogInit: Transaction tracking system initialized
[2020.06.28-12.53.36:818][  0]BlueprintLog: New page: Editor Load
[2020.06.28-12.53.36:879][  0]LocalizationService: Localization service is disabled
[2020.06.28-12.53.37:019][  0]LogCook: Display: Max memory allowance for cook 16384mb min free memory 0mb
[2020.06.28-12.53.37:019][  0]LogCook: Display: Mobile HDR setting 1
[2020.06.28-12.53.37:129][  0]LogFileCache: Scanning file cache for directory 'C:/Users/Mohammad/Documents/Unreal Projects/MarsMarine/Content/' took 0.01s
[2020.06.28-12.53.37:278][  0]SourceControl: Source control is disabled
[2020.06.28-12.53.37:278][  0]LogUnrealEdMisc: Loading editor; pre map load, took 6.177
[2020.06.28-12.53.37:279][  0]Cmd: MAP LOAD FILE="../../../../../Users/Mohammad/Documents/Unreal Projects/MarsMarine/Content/Levels/Mars.umap" TEMPLATE=0 SHOWPROGRESS=1 FEATURELEVEL=3
[2020.06.28-12.53.37:284][  0]LightingResults: New page: Lighting Build
[2020.06.28-12.53.37:285][  0]LogWorld: UWorld::CleanupWorld for Untitled, bSessionEnded=true, bCleanupResources=true
[2020.06.28-12.53.37:285][  0]LogSlate: InvalidateAllWidgets triggered.  All widgets were invalidated
[2020.06.28-12.53.37:285][  0]MapCheck: New page: Map Check
[2020.06.28-12.53.37:285][  0]LightingResults: New page: Lighting Build
[2020.06.28-12.53.37:299][  0]LogAISub: UAISubsystem::~UAISubsystem EnvQueryManager (0000024FC82E9800), frame # 0
[2020.06.28-12.53.37:299][  0]LogAISub: UAISubsystem::~UAISubsystem AIPerceptionSystem (0000024FC8309E40), frame # 0
[2020.06.28-12.53.37:300][  0]LogUObjectHash: Compacting FUObjectHashTables data took   0.68ms
[2020.06.28-12.53.37:846][  0]LogAIModule: Creating AISystem for world Mars
[2020.06.28-12.53.37:846][  0]LogAISub: UAISubsystem::UAISubsystem EnvQueryManager (0000024FD1D37800), frame # 0
[2020.06.28-12.53.37:846][  0]LogAISub: UAISubsystem::UAISubsystem AIPerceptionSystem (0000024FC4717100), frame # 0
[2020.06.28-12.53.38:499][  0]LogEditorServer: Finished looking for orphan Actors (0.000 secs)
[2020.06.28-12.53.38:513][  0]LogUObjectHash: Compacting FUObjectHashTables data took   0.92ms
[2020.06.28-12.53.38:513][  0]Cmd: MAP CHECKDEP NOCLEARLOG
[2020.06.28-12.53.38:513][  0]MapCheck: Map check complete: 0 Error(s), 0 Warning(s), took 0.148ms to complete.
[2020.06.28-12.53.38:513][  0]LogFileHelpers: Loading map 'Mars' took 1.235
[2020.06.28-12.53.38:515][  0]LogUnrealEdMisc: Total Editor Startup Time, took 7.413
[2020.06.28-12.53.38:684][  0]LogSlate: Updating window title bar state: overlay mode, drag disabled, window buttons hidden, title bar hidden
[2020.06.28-12.53.38:694][  0]LogSlate: Updating window title bar state: overlay mode, drag disabled, window buttons hidden, title bar hidden
[2020.06.28-12.53.38:701][  0]LogSlate: Updating window title bar state: overlay mode, drag disabled, window buttons hidden, title bar hidden
[2020.06.28-12.53.38:707][  0]LogSlate: Updating window title bar state: overlay mode, drag disabled, window buttons hidden, title bar hidden
[2020.06.28-12.53.38:721][  0]LogCollectionManager: Loaded 0 collections in 0.001706 seconds
[2020.06.28-12.53.38:751][  0]LogFileCache: Scanning file cache for directory 'C:/Users/Mohammad/Documents/Unreal Projects/MarsMarine/Saved/Collections/' took 0.00s
[2020.06.28-12.53.38:751][  0]LogFileCache: Scanning file cache for directory 'C:/Users/Mohammad/Documents/Unreal Projects/MarsMarine/Content/Developers/Mohawesome/Collections/' took 0.00s
[2020.06.28-12.53.38:751][  0]LogFileCache: Scanning file cache for directory 'C:/Users/Mohammad/Documents/Unreal Projects/MarsMarine/Content/Collections/' took 0.00s
[2020.06.28-12.53.38:751][  0]LogContentBrowser: Native class hierarchy populated in 0.0094 seconds. Added 3427 classes and 821 folders.
[2020.06.28-12.53.38:758][  0]LogContentBrowser: Native class hierarchy updated for 'WidgetCarousel' in 0.0002 seconds. Added 0 classes and 0 folders.
[2020.06.28-12.53.39:095][  0]LogContentBrowser: Native class hierarchy updated for 'AddContentDialog' in 0.0003 seconds. Added 0 classes and 0 folders.
[2020.06.28-12.53.39:100][  0]LogContentBrowser: Native class hierarchy updated for 'SceneOutliner' in 0.0002 seconds. Added 2 classes and 0 folders.
[2020.06.28-12.53.39:269][  0]LogSlate: Took 0.000196 seconds to synchronously load lazily loaded font '../../../Engine/Content/Slate/Fonts/Roboto-Regular.ttf' (155K)
[2020.06.28-12.53.39:272][  0]LogSlate: Took 0.000133 seconds to synchronously load lazily loaded font '../../../Engine/Content/Slate/Fonts/Roboto-Bold.ttf' (160K)
[2020.06.28-12.53.39:280][  0]LogSlate: Took 0.005406 seconds to synchronously load lazily loaded font '../../../Engine/Content/Editor/Slate/Fonts/FontAwesome.ttf' (139K)
[2020.06.28-12.53.39:392][  0]LogRenderer: Reallocating scene render targets to support 1212x572 Format 10 NumSamples 1 (Frame:1).
[2020.06.28-12.53.39:507][  0]LogContentBrowser: Native class hierarchy updated for 'HierarchicalLODOutliner' in 0.0003 seconds. Added 0 classes and 0 folders.
[2020.06.28-12.53.39:507][  0]LogLoad: (Engine Initialization) Total time: 8.41 seconds
[2020.06.28-12.53.39:507][  0]LogLoad: (Engine Initialization) Total Blueprint compile time: 0.00 seconds
[2020.06.28-12.53.39:545][  0]LogAssetRegistry: Asset discovery search completed in 4.5309 seconds
[2020.06.28-12.53.39:548][  0]LogCollectionManager: Fixed up redirectors for 0 collections in 0.000002 seconds (updated 0 objects)
[2020.06.28-12.53.39:558][  0]LogContentStreaming: Texture pool size now 1000 MB
[2020.06.28-12.53.39:591][  0]LogSlate: Took 0.005342 seconds to synchronously load lazily loaded font '../../../Engine/Content/Slate/Fonts/Roboto-Light.ttf' (167K)
[2020.06.28-12.53.40:533][ 87]LogSlate: Took 0.000161 seconds to synchronously load lazily loaded font '../../../Engine/Content/Slate/Fonts/Roboto-Light.ttf' (167K)
[2020.06.28-12.53.42:334][253]LogTemp: Repeating last play command: Selected Viewport
[2020.06.28-12.53.42:350][253]LogPlayLevel: PlayLevel: No blueprints needed recompiling
[2020.06.28-12.53.42:356][253]PIE: New page: PIE session: Mars (28 Jun 2020, 14:53:42)
[2020.06.28-12.53.42:357][253]LogOnline: OSS: Creating online subsystem instance for: NULL
[2020.06.28-12.53.42:358][253]LogOnline: OSS: TryLoadSubsystemAndSetDefault: Loaded subsystem for module [NULL]
[2020.06.28-12.53.42:358][253]LogPlayLevel: Creating play world package: /Game/Levels/UEDPIE_0_Mars
[2020.06.28-12.53.42:380][253]LogPlayLevel: PIE: StaticDuplicateObject took: (0.022104s)
[2020.06.28-12.53.42:382][253]LogAIModule: Creating AISystem for world Mars
[2020.06.28-12.53.42:382][253]LogAISub: UAISubsystem::UAISubsystem EnvQueryManager (0000024FDFFF5800), frame # 253
[2020.06.28-12.53.42:382][253]LogAISub: UAISubsystem::UAISubsystem AIPerceptionSystem (0000024F836B7D80), frame # 253
[2020.06.28-12.53.42:382][253]LogPlayLevel: PIE: World Init took: (0.001110s)
[2020.06.28-12.53.42:382][253]LogPlayLevel: PIE: Created PIE world by copying editor world from /Game/Levels/Mars.Mars to /Game/Levels/UEDPIE_0_Mars.Mars (0.023794s)
[2020.06.28-12.53.42:394][253]LogUObjectHash: Compacting FUObjectHashTables data took   0.61ms
[2020.06.28-12.53.42:396][253]LogAudioMixer: Display: Audio Mixer Platform Settings:
[2020.06.28-12.53.42:396][253]LogAudioMixer: Display: 	Sample Rate:						  48000
[2020.06.28-12.53.42:396][253]LogAudioMixer: Display: 	Callback Buffer Frame Size Requested: 1024
[2020.06.28-12.53.42:396][253]LogAudioMixer: Display: 	Callback Buffer Frame Size To Use:	  1024
[2020.06.28-12.53.42:396][253]LogAudioMixer: Display: 	Number of buffers to queue:			  2
[2020.06.28-12.53.42:396][253]LogAudioMixer: Display: 	Max Channels (voices):				  32
[2020.06.28-12.53.42:396][253]LogAudioMixer: Display: 	Number of Async Source Workers:		  0
[2020.06.28-12.53.42:396][253]LogAudio: Display: AudioDevice MaxSources: 32
[2020.06.28-12.53.42:396][253]LogAudio: Display: Using built-in audio occlusion.
[2020.06.28-12.53.42:396][253]LogAudioMixer: Display: Initializing audio mixer.
[2020.06.28-12.53.42:399][253]LogAudioMixer: Display: 0: FrontLeft
[2020.06.28-12.53.42:399][253]LogAudioMixer: Display: 1: FrontRight
[2020.06.28-12.53.42:410][253]LogAudioMixer: Display: Using Audio Device Creative Speakers (High Definition Audio Device)
[2020.06.28-12.53.42:410][253]LogAudioMixer: Display: Initializing Sound Submixes...
[2020.06.28-12.53.42:410][253]LogAudioMixer: Display: Creating Master Submix 'MasterSubmixDefault'
[2020.06.28-12.53.42:410][253]LogAudioMixer: Display: Creating Master Submix 'MasterReverbSubmixDefault'
[2020.06.28-12.53.42:410][253]LogAudioMixer: Display: Creating Master Submix 'MasterEQSubmixDefault'
[2020.06.28-12.53.42:421][253]LogInit: FAudioDevice initialized.
[2020.06.28-12.53.42:426][253]LogLoad: Game class is 'BP_MarsMarine_GameMode_C'
[2020.06.28-12.53.42:429][253]LogWorld: Bringing World /Game/Levels/UEDPIE_0_Mars.Mars up for play (max tick rate 0) at 2020.06.28-13.53.42
[2020.06.28-12.53.42:429][253]LogWorld: Bringing up level for play took: 0.001596
[2020.06.28-12.53.42:429][253]LogOnline: OSS: Creating online subsystem instance for: :Context_4
[2020.06.28-12.53.42:433][253]LogContentBrowser: Native class hierarchy updated for 'MovieSceneCapture' in 0.0003 seconds. Added 20 classes and 0 folders.
[2020.06.28-12.53.42:438][253]PIE: Server logged in
[2020.06.28-12.53.42:440][253]PIE: Play in editor total start time 0.091 seconds.
[2020.06.28-12.53.45:259][581]LogSlate: Updating window title bar state: overlay mode, drag disabled, window buttons hidden, title bar hidden
[2020.06.28-12.53.45:259][581]LogWorld: BeginTearingDown for /Game/Levels/UEDPIE_0_Mars
[2020.06.28-12.53.45:260][581]LogWorld: UWorld::CleanupWorld for Mars, bSessionEnded=true, bCleanupResources=true
[2020.06.28-12.53.45:260][581]LogSlate: InvalidateAllWidgets triggered.  All widgets were invalidated
[2020.06.28-12.53.45:269][581]LogPlayLevel: Display: Shutting down PIE online subsystems
[2020.06.28-12.53.45:270][581]LogSlate: InvalidateAllWidgets triggered.  All widgets were invalidated
[2020.06.28-12.53.45:293][581]LogSlate: Updating window title bar state: overlay mode, drag disabled, window buttons hidden, title bar hidden
[2020.06.28-12.53.45:295][581]LogAISub: UAISubsystem::~UAISubsystem EnvQueryManager (0000024FDFFF5800), frame # 581
[2020.06.28-12.53.45:295][581]LogAISub: UAISubsystem::~UAISubsystem AIPerceptionSystem (0000024F836B7D80), frame # 581
[2020.06.28-12.53.45:296][581]LogUObjectHash: Compacting FUObjectHashTables data took   0.68ms
[2020.06.28-12.53.45:351][583]LogPlayLevel: Display: Destroying online subsystem :Context_4
[2020.06.28-12.53.59:892][314]LogAssetEditorSubsystem: Opening Asset editor for Blueprint /Game/Blueprints/Pawns/BP_Marine.BP_Marine
[2020.06.28-12.54.00:281][314]LogContentBrowser: Native class hierarchy updated for 'BlueprintGraph' in 0.0005 seconds. Added 125 classes and 0 folders.
[2020.06.28-12.54.01:114][314]LogSlate: Took 0.000160 seconds to synchronously load lazily loaded font '../../../Engine/Content/Slate/Fonts/Roboto-BoldCondensed.ttf' (158K)
[2020.06.28-12.54.02:398][432]LogSlate: Took 0.004901 seconds to synchronously load lazily loaded font '../../../Engine/Content/Slate/Fonts/Roboto-Italic.ttf' (157K)
[2020.06.28-12.54.02:504][445]LogSlate: Window 'BP_Marine' being destroyed
[2020.06.28-12.58.55:130][ 25]BlueprintLog: New page: Compile BP_Marine
[2020.06.28-12.58.55:172][ 25]LogUObjectHash: Compacting FUObjectHashTables data took   2.76ms
[2020.06.28-12.58.55:209][ 25]LogSlate: Took 0.006212 seconds to synchronously load lazily loaded font '../../../Engine/Content/Slate/Fonts/DroidSansMono.ttf' (77K)
[2020.06.28-12.58.55:668][ 74]Cmd: OBJ SAVEPACKAGE PACKAGE="/Game/Blueprints/Pawns/BP_Marine" FILE="../../../../../Users/Mohammad/Documents/Unreal Projects/MarsMarine/Content/Blueprints/Pawns/BP_Marine.uasset" SILENT=true
[2020.06.28-12.58.55:697][ 74]LogSavePackage: Moving '../../../../../Users/Mohammad/Documents/Unreal Projects/MarsMarine/Saved/BP_MarineDAABA72148D7EC04736712B29FEFD518.tmp' to '../../../../../Users/Mohammad/Documents/Unreal Projects/MarsMarine/Content/Blueprints/Pawns/BP_Marine.uasset'
[2020.06.28-12.58.55:709][ 74]AssetCheck: New page: Asset Save: BP_Marine
[2020.06.28-12.58.55:709][ 74]LogContentValidation: Display: Validating Blueprint /Game/Blueprints/Pawns/BP_Marine.BP_Marine
[2020.06.28-12.59.06:748][127]LogSlate: Took 0.006362 seconds to synchronously load lazily loaded font '../../../Engine/Content/Slate/Fonts/Roboto-BoldCondensedItalic.ttf' (160K)
[2020.06.28-12.59.11:833][720]BlueprintLog: New page: Compile BP_Marine
[2020.06.28-12.59.11:869][720]LogUObjectHash: Compacting FUObjectHashTables data took   2.73ms
[2020.06.28-13.00.45:141][ 63]BlueprintLog: New page: Compile BP_Marine
[2020.06.28-13.00.45:179][ 63]LogUObjectHash: Compacting FUObjectHashTables data took   2.85ms
[2020.06.28-13.00.45:698][117]Cmd: OBJ SAVEPACKAGE PACKAGE="/Game/Blueprints/Pawns/BP_Marine" FILE="../../../../../Users/Mohammad/Documents/Unreal Projects/MarsMarine/Content/Blueprints/Pawns/BP_Marine.uasset" SILENT=true
[2020.06.28-13.00.45:720][117]LogSavePackage: Moving '../../../../../Users/Mohammad/Documents/Unreal Projects/MarsMarine/Saved/BP_MarineD13301424F042BA266FB6382D9BBA3CB.tmp' to '../../../../../Users/Mohammad/Documents/Unreal Projects/MarsMarine/Content/Blueprints/Pawns/BP_Marine.uasset'
[2020.06.28-13.00.45:729][117]AssetCheck: New page: Asset Save: BP_Marine
[2020.06.28-13.00.45:729][117]LogContentValidation: Display: Validating Blueprint /Game/Blueprints/Pawns/BP_Marine.BP_Marine
[2020.06.28-13.00.55:892][ 52]BlueprintLog: New page: Compile BP_Marine
[2020.06.28-13.00.55:928][ 52]LogUObjectHash: Compacting FUObjectHashTables data took   2.66ms
[2020.06.28-13.00.56:481][110]Cmd: OBJ SAVEPACKAGE PACKAGE="/Game/Blueprints/Pawns/BP_Marine" FILE="../../../../../Users/Mohammad/Documents/Unreal Projects/MarsMarine/Content/Blueprints/Pawns/BP_Marine.uasset" SILENT=true
[2020.06.28-13.00.56:502][110]LogSavePackage: Moving '../../../../../Users/Mohammad/Documents/Unreal Projects/MarsMarine/Saved/BP_Marine6F3450C74664F4E71146C6B7290063ED.tmp' to '../../../../../Users/Mohammad/Documents/Unreal Projects/MarsMarine/Content/Blueprints/Pawns/BP_Marine.uasset'
[2020.06.28-13.00.56:510][110]AssetCheck: New page: Asset Save: BP_Marine
[2020.06.28-13.00.56:510][110]LogContentValidation: Display: Validating Blueprint /Game/Blueprints/Pawns/BP_Marine.BP_Marine
[2020.06.28-13.03.27:879][744]BlueprintLog: New page: Compile BP_Marine
[2020.06.28-13.03.27:923][744]LogUObjectHash: Compacting FUObjectHashTables data took   2.98ms
[2020.06.28-13.03.28:544][808]Cmd: OBJ SAVEPACKAGE PACKAGE="/Game/Blueprints/Pawns/BP_Marine" FILE="../../../../../Users/Mohammad/Documents/Unreal Projects/MarsMarine/Content/Blueprints/Pawns/BP_Marine.uasset" SILENT=true
[2020.06.28-13.03.28:568][808]LogSavePackage: Moving '../../../../../Users/Mohammad/Documents/Unreal Projects/MarsMarine/Saved/BP_Marine13074D694F74A505B54953938756D29D.tmp' to '../../../../../Users/Mohammad/Documents/Unreal Projects/MarsMarine/Content/Blueprints/Pawns/BP_Marine.uasset'
[2020.06.28-13.03.28:577][808]AssetCheck: New page: Asset Save: BP_Marine
[2020.06.28-13.03.28:577][808]LogContentValidation: Display: Validating Blueprint /Game/Blueprints/Pawns/BP_Marine.BP_Marine
[2020.06.28-13.05.07:575][602]BlueprintLog: New page: Compile BP_Marine
[2020.06.28-13.05.07:611][602]LogUObjectHash: Compacting FUObjectHashTables data took   2.25ms
[2020.06.28-13.05.08:006][641]Cmd: OBJ SAVEPACKAGE PACKAGE="/Game/Blueprints/Pawns/BP_Marine" FILE="../../../../../Users/Mohammad/Documents/Unreal Projects/MarsMarine/Content/Blueprints/Pawns/BP_Marine.uasset" SILENT=true
[2020.06.28-13.05.08:033][641]LogSavePackage: Moving '../../../../../Users/Mohammad/Documents/Unreal Projects/MarsMarine/Saved/BP_Marine209134E94CAF20949CC056B4C8330070.tmp' to '../../../../../Users/Mohammad/Documents/Unreal Projects/MarsMarine/Content/Blueprints/Pawns/BP_Marine.uasset'
[2020.06.28-13.05.08:045][641]AssetCheck: New page: Asset Save: BP_Marine
[2020.06.28-13.05.08:045][641]LogContentValidation: Display: Validating Blueprint /Game/Blueprints/Pawns/BP_Marine.BP_Marine
[2020.06.28-13.05.09:092][746]LogTemp: Repeating last play command: Selected Viewport
[2020.06.28-13.05.09:107][746]LogPlayLevel: PlayLevel: No blueprints needed recompiling
[2020.06.28-13.05.09:107][746]PIE: New page: PIE session: Mars (28 Jun 2020, 15:05:09)
[2020.06.28-13.05.09:107][746]LogPlayLevel: Creating play world package: /Game/Levels/UEDPIE_0_Mars
[2020.06.28-13.05.09:127][746]LogPlayLevel: PIE: StaticDuplicateObject took: (0.019238s)
[2020.06.28-13.05.09:128][746]LogAIModule: Creating AISystem for world Mars
[2020.06.28-13.05.09:128][746]LogAISub: UAISubsystem::UAISubsystem EnvQueryManager (0000024FF6A35800), frame # 57746
[2020.06.28-13.05.09:128][746]LogAISub: UAISubsystem::UAISubsystem AIPerceptionSystem (0000024FF915C180), frame # 57746
[2020.06.28-13.05.09:128][746]LogPlayLevel: PIE: World Init took: (0.001198s)
[2020.06.28-13.05.09:128][746]LogPlayLevel: PIE: Created PIE world by copying editor world from /Game/Levels/Mars.Mars to /Game/Levels/UEDPIE_0_Mars.Mars (0.020581s)
[2020.06.28-13.05.09:149][746]LogUObjectHash: Compacting FUObjectHashTables data took   2.56ms
[2020.06.28-13.05.09:150][746]LogAudioMixer: Display: Audio Mixer Platform Settings:
[2020.06.28-13.05.09:150][746]LogAudioMixer: Display: 	Sample Rate:						  48000
[2020.06.28-13.05.09:150][746]LogAudioMixer: Display: 	Callback Buffer Frame Size Requested: 1024
[2020.06.28-13.05.09:150][746]LogAudioMixer: Display: 	Callback Buffer Frame Size To Use:	  1024
[2020.06.28-13.05.09:150][746]LogAudioMixer: Display: 	Number of buffers to queue:			  2
[2020.06.28-13.05.09:150][746]LogAudioMixer: Display: 	Max Channels (voices):				  32
[2020.06.28-13.05.09:150][746]LogAudioMixer: Display: 	Number of Async Source Workers:		  0
[2020.06.28-13.05.09:150][746]LogAudio: Display: AudioDevice MaxSources: 32
[2020.06.28-13.05.09:150][746]LogAudio: Display: Using built-in audio occlusion.
[2020.06.28-13.05.09:150][746]LogAudioMixer: Display: Initializing audio mixer.
[2020.06.28-13.05.09:154][746]LogAudioMixer: Display: 0: FrontLeft
[2020.06.28-13.05.09:154][746]LogAudioMixer: Display: 1: FrontRight
[2020.06.28-13.05.09:166][746]LogAudioMixer: Display: Using Audio Device Creative Speakers (High Definition Audio Device)
[2020.06.28-13.05.09:166][746]LogAudioMixer: Display: Initializing Sound Submixes...
[2020.06.28-13.05.09:166][746]LogAudioMixer: Display: Creating Master Submix 'MasterSubmixDefault'
[2020.06.28-13.05.09:166][746]LogAudioMixer: Display: Creating Master Submix 'MasterReverbSubmixDefault'
[2020.06.28-13.05.09:166][746]LogAudioMixer: Display: Creating Master Submix 'MasterEQSubmixDefault'
[2020.06.28-13.05.09:177][746]LogInit: FAudioDevice initialized.
[2020.06.28-13.05.09:186][746]LogLoad: Game class is 'BP_MarsMarine_GameMode_C'
[2020.06.28-13.05.09:187][746]LogWorld: Bringing World /Game/Levels/UEDPIE_0_Mars.Mars up for play (max tick rate 0) at 2020.06.28-14.05.09
[2020.06.28-13.05.09:187][746]LogWorld: Bringing up level for play took: 0.001320
[2020.06.28-13.05.09:188][746]LogOnline: OSS: Creating online subsystem instance for: :Context_7
[2020.06.28-13.05.09:191][746]PIE: Server logged in
[2020.06.28-13.05.09:191][746]PIE: Play in editor total start time 0.085 seconds.
[2020.06.28-13.05.40:529][499]LogSlate: Updating window title bar state: overlay mode, drag disabled, window buttons hidden, title bar hidden
[2020.06.28-13.05.40:529][499]LogWorld: BeginTearingDown for /Game/Levels/UEDPIE_0_Mars
[2020.06.28-13.05.40:529][499]LogWorld: UWorld::CleanupWorld for Mars, bSessionEnded=true, bCleanupResources=true
[2020.06.28-13.05.40:530][499]LogSlate: InvalidateAllWidgets triggered.  All widgets were invalidated
[2020.06.28-13.05.40:536][499]LogPlayLevel: Display: Shutting down PIE online subsystems
[2020.06.28-13.05.40:538][499]LogSlate: InvalidateAllWidgets triggered.  All widgets were invalidated
[2020.06.28-13.05.40:567][499]LogSlate: Updating window title bar state: overlay mode, drag disabled, window buttons hidden, title bar hidden
[2020.06.28-13.05.40:568][499]LogAISub: UAISubsystem::~UAISubsystem AIPerceptionSystem (0000024FF915C180), frame # 61499
[2020.06.28-13.05.40:568][499]LogAISub: UAISubsystem::~UAISubsystem EnvQueryManager (0000024FF6A35800), frame # 61499
[2020.06.28-13.05.40:570][499]LogUObjectHash: Compacting FUObjectHashTables data took   1.86ms
[2020.06.28-13.05.40:627][501]LogPlayLevel: Display: Destroying online subsystem :Context_7
[2020.06.28-13.06.33:431][709]LogUObjectHash: Compacting FUObjectHashTables data took   1.93ms
[2020.06.28-13.11.39:844][838]LogHttp: Warning: 0000024FDCF8E400: invalid HTTP response code received. URL: https://datarouter.ol.epicgames.com/datarouter/api/v1/public/data?SessionID=%7BCE286CB2-4ED3-EBC6-1D5B-A9AF013BB3BE%7D&AppID=UEEditor.Rocket.Release&AppVersion=4.25.1-13594126%2B%2B%2BUE4%2BRelease-4.25&UserID=1006c8df4c15dd2e1f6838b4ad0fa25f%7C8f1a8639b10343438265f09063be8984%7C89d7137d-7ede-4583-94c2-98fadf0e52e1&AppEnvironment=datacollector-source&UploadType=eteventstream, HTTP code: 0, content length: 0, actual payload size: 0
[2020.06.28-13.11.39:844][838]LogHttp: Warning: 0000024FDCF8E400: request failed, libcurl error: 6 (Couldn't resolve host name)
[2020.06.28-13.11.39:844][838]LogHttp: Warning: 0000024FDCF8E400: libcurl info message cache 0 (Found bundle for host datarouter.ol.epicgames.com: 0x24fa202ff70 [can pipeline])
[2020.06.28-13.11.39:844][838]LogHttp: Warning: 0000024FDCF8E400: libcurl info message cache 1 (Hostname in DNS cache was stale, zapped)
[2020.06.28-13.11.39:844][838]LogHttp: Warning: 0000024FDCF8E400: libcurl info message cache 2 (Could not resolve host: datarouter.ol.epicgames.com)
[2020.06.28-13.11.39:844][838]LogHttp: Warning: 0000024FDCF8E400: libcurl info message cache 3 (Closing connection 6)
[2020.06.28-13.11.39:844][838]LogHttp: Warning: Retry exhausted on https://datarouter.ol.epicgames.com/datarouter/api/v1/public/data?SessionID=%7BCE286CB2-4ED3-EBC6-1D5B-A9AF013BB3BE%7D&AppID=UEEditor.Rocket.Release&AppVersion=4.25.1-13594126%2B%2B%2BUE4%2BRelease-4.25&UserID=1006c8df4c15dd2e1f6838b4ad0fa25f%7C8f1a8639b10343438265f09063be8984%7C89d7137d-7ede-4583-94c2-98fadf0e52e1&AppEnvironment=datacollector-source&UploadType=eteventstream
[2020.06.28-13.13.39:840][194]LogHttp: Warning: 0000024FDCF8DD00: HTTP request timed out after 180.00 seconds URL=https://datarouter.ol.epicgames.com/datarouter/api/v1/public/data?SessionID=%7BCE286CB2-4ED3-EBC6-1D5B-A9AF013BB3BE%7D&AppID=UEEditor.Rocket.Release&AppVersion=4.25.1-13594126%2B%2B%2BUE4%2BRelease-4.25&UserID=1006c8df4c15dd2e1f6838b4ad0fa25f%7C8f1a8639b10343438265f09063be8984%7C89d7137d-7ede-4583-94c2-98fadf0e52e1&AppEnvironment=datacollector-source&UploadType=eteventstream
[2020.06.28-13.13.39:840][194]LogHttp: Warning: 0000024FDCF8DD00: request failed, libcurl error: 0 (No error)
[2020.06.28-13.13.39:840][194]LogHttp: Warning: 0000024FDCF8DD00: libcurl info message cache 0 (Found bundle for host datarouter.ol.epicgames.com: 0x24fa202ff70 [can pipeline])
[2020.06.28-13.13.39:840][194]LogHttp: Warning: 0000024FDCF8DD00: libcurl info message cache 1 (Re-using existing connection! (#5) with host datarouter.ol.epicgames.com)
[2020.06.28-13.13.39:840][194]LogHttp: Warning: 0000024FDCF8DD00: libcurl info message cache 2 (Connected to datarouter.ol.epicgames.com (3.226.93.173) port 443 (#5))
[2020.06.28-13.13.39:840][194]LogHttp: Warning: 0000024FDCF8DD00: libcurl info message cache 3 (We are completely uploaded and fine)
[2020.06.28-13.13.39:840][194]LogHttp: Warning: 0000024FDCF8DD00: libcurl info message cache 4 (Closing connection 5)
[2020.06.28-13.13.39:840][194]LogHttp: Warning: 0000024FDCF8DD00: libcurl info message cache 5 (TLSv1.2 (OUT), TLS alert, Client hello (1):)
[2020.06.28-13.13.39:841][194]LogHttp: Warning: Retry exhausted on https://datarouter.ol.epicgames.com/datarouter/api/v1/public/data?SessionID=%7BCE286CB2-4ED3-EBC6-1D5B-A9AF013BB3BE%7D&AppID=UEEditor.Rocket.Release&AppVersion=4.25.1-13594126%2B%2B%2BUE4%2BRelease-4.25&UserID=1006c8df4c15dd2e1f6838b4ad0fa25f%7C8f1a8639b10343438265f09063be8984%7C89d7137d-7ede-4583-94c2-98fadf0e52e1&AppEnvironment=datacollector-source&UploadType=eteventstream
